* using log directory ‘/Users/rnolan/Dropbox/DPhil/Misc/RStuff/filesstrings/revdep/checks.noindex/autothresholdr/old/autothresholdr.Rcheck’
* using R version 3.5.3 (2019-03-11)
* using platform: x86_64-apple-darwin15.6.0 (64-bit)
* using session charset: UTF-8
* checking for file ‘autothresholdr/DESCRIPTION’ ... OK
* checking extension type ... Package
* this is package ‘autothresholdr’ version ‘1.3.0’
* package encoding: UTF-8
* checking package namespace information ... OK
* checking package dependencies ... OK
* checking if this is a source package ... OK
* checking if there is a namespace ... OK
* checking for executable files ... OK
* checking for hidden files and directories ... OK
* checking for portable file names ... OK
* checking for sufficient/correct file permissions ... OK
* checking whether package ‘autothresholdr’ can be installed ... OK
* checking installed package size ... OK
* checking package directory ... OK
* checking ‘build’ directory ... OK
* checking DESCRIPTION meta-information ... OK
* checking top-level files ... OK
* checking for left-over files ... OK
* checking index information ... OK
* checking package subdirectories ... OK
* checking R files for non-ASCII characters ... OK
* checking R files for syntax errors ... OK
* checking whether the package can be loaded ... OK
* checking whether the package can be loaded with stated dependencies ... OK
* checking whether the package can be unloaded cleanly ... OK
* checking whether the namespace can be loaded with stated dependencies ... OK
* checking whether the namespace can be unloaded cleanly ... OK
* checking dependencies in R code ... OK
* checking S3 generic/method consistency ... OK
* checking replacement functions ... OK
* checking foreign function calls ... OK
* checking R code for possible problems ... OK
* checking Rd files ... OK
* checking Rd metadata ... OK
* checking Rd cross-references ... OK
* checking for missing documentation entries ... OK
* checking for code/documentation mismatches ... OK
* checking Rd \usage sections ... OK
* checking Rd contents ... OK
* checking for unstated dependencies in examples ... OK
* checking line endings in C/C++/Fortran sources/headers ... OK
* checking compiled code ... OK
* checking installed files from ‘inst/doc’ ... OK
* checking files in ‘vignettes’ ... OK
* checking examples ... ERROR
Running examples in ‘autothresholdr-Ex.R’ failed
The error most likely occurred in:

> ### Name: auto_thresh
> ### Title: Automatically threshold an array of non-negative integers.
> ### Aliases: auto_thresh auto_thresh_mask auto_thresh_apply_mask mask
> ###   apply_mask
> 
> ### ** Examples
> 
> img_location <- system.file("extdata", "eg.tif", package = "autothresholdr")
> img <- ijtiff::read_tif(img_location)
Error in intmat_list_bind_nth_rows(instances, n - 1) : 
  could not find function "intmat_list_bind_nth_rows"
Calls: <Anonymous> ... str_before_nth -> str_nth_instance_indices -> %>% -> eval -> eval
Execution halted
* checking for unstated dependencies in ‘tests’ ... OK
* checking tests ... ERROR
  Running ‘testthat.R’
Running the tests in ‘tests/testthat.R’ failed.
Last 13 lines of output:
  10: str_before_nth(strings = strings, pattern = pattern, n = -1)
  11: str_nth_instance_indices(strings, pattern, n)
  12: intmat_list_bind_nth_rows(instances, n - 1) %>% magrittr::set_colnames(c("start", "end"))
  13: eval(lhs, parent, parent)
  14: eval(lhs, parent, parent)
  
  ══ testthat results  ═══════════════════════════════════════════════════════════════════════════════════════
  OK: 6 SKIPPED: 1 WARNINGS: 0 FAILED: 4
  1. Error: (unknown) (@test_auto_thresh_methods.R#3) 
  2. Error: mean_stack_thresh works (@test_stack_thresh.R#3) 
  3. Error: auto_thresh works (@test_thresh.R#4) 
  4. Error: auto_thresh works with matrices (@test_thresh.R#53) 
  
  Error: testthat unit tests failed
  Execution halted
* checking for unstated dependencies in vignettes ... OK
* checking package vignettes in ‘inst/doc’ ... OK
* checking running R code from vignettes ... NONE
* checking re-building of vignette outputs ... WARNING
Error in re-building vignettes:
  ...

Attaching package: 'dplyr'

The following objects are masked from 'package:stats':

    filter, lag

The following objects are masked from 'package:base':

    intersect, setdiff, setequal, union

Quitting from lines 44-47 (thresholding-image-stacks.Rmd) 
Error: processing vignette 'thresholding-image-stacks.Rmd' failed with diagnostics:
could not find function "intmat_list_bind_nth_rows"
Execution halted

* checking PDF version of manual ... OK
* DONE
Status: 2 ERRORs, 1 WARNING
