* installing *source* package ‘autothresholdr’ ...
** package ‘autothresholdr’ successfully unpacked and MD5 sums checked
** using staged installation
** libs
clang++ -std=gnu++11 -I"/Library/Frameworks/R.framework/Resources/include" -DNDEBUG  -I"/Users/rnolan/Dropbox/DPhil/Misc/RStuff/filesstrings/revdep/library.noindex/autothresholdr/Rcpp/include" -isysroot /Library/Developer/CommandLineTools/SDKs/MacOSX.sdk -I/usr/local/include  -fPIC  -Wall -g -O2  -c AutoThreshold.cpp -o AutoThreshold.o
clang++ -std=gnu++11 -I"/Library/Frameworks/R.framework/Resources/include" -DNDEBUG  -I"/Users/rnolan/Dropbox/DPhil/Misc/RStuff/filesstrings/revdep/library.noindex/autothresholdr/Rcpp/include" -isysroot /Library/Developer/CommandLineTools/SDKs/MacOSX.sdk -I/usr/local/include  -fPIC  -Wall -g -O2  -c RcppExports.cpp -o RcppExports.o
RcppExports.cpp:201:1: warning: unused variable 'stop_sym' [-Wunused-variable]
BEGIN_RCPP
^
/Users/rnolan/Dropbox/DPhil/Misc/RStuff/filesstrings/revdep/library.noindex/autothresholdr/Rcpp/include/Rcpp/macros/macros.h:36:17: note: expanded from macro 'BEGIN_RCPP'
    static SEXP stop_sym = Rf_install("stop");                                                   \
                ^
RcppExports.cpp:201:1: warning: unused variable 'nprot' [-Wunused-variable]
/Users/rnolan/Dropbox/DPhil/Misc/RStuff/filesstrings/revdep/library.noindex/autothresholdr/Rcpp/include/Rcpp/macros/macros.h:32:9: note: expanded from macro 'BEGIN_RCPP'
    int nprot = 0;                                                                               \
        ^
RcppExports.cpp:235:1: warning: unused variable 'stop_sym' [-Wunused-variable]
BEGIN_RCPP
^
/Users/rnolan/Dropbox/DPhil/Misc/RStuff/filesstrings/revdep/library.noindex/autothresholdr/Rcpp/include/Rcpp/macros/macros.h:36:17: note: expanded from macro 'BEGIN_RCPP'
    static SEXP stop_sym = Rf_install("stop");                                                   \
                ^
RcppExports.cpp:235:1: warning: unused variable 'nprot' [-Wunused-variable]
/Users/rnolan/Dropbox/DPhil/Misc/RStuff/filesstrings/revdep/library.noindex/autothresholdr/Rcpp/include/Rcpp/macros/macros.h:32:9: note: expanded from macro 'BEGIN_RCPP'
    int nprot = 0;                                                                               \
        ^
RcppExports.cpp:269:1: warning: unused variable 'nprot' [-Wunused-variable]
BEGIN_RCPP
^
/Users/rnolan/Dropbox/DPhil/Misc/RStuff/filesstrings/revdep/library.noindex/autothresholdr/Rcpp/include/Rcpp/macros/macros.h:32:9: note: expanded from macro 'BEGIN_RCPP'
    int nprot = 0;                                                                               \
        ^
RcppExports.cpp:269:1: warning: unused variable 'stop_sym' [-Wunused-variable]
/Users/rnolan/Dropbox/DPhil/Misc/RStuff/filesstrings/revdep/library.noindex/autothresholdr/Rcpp/include/Rcpp/macros/macros.h:36:17: note: expanded from macro 'BEGIN_RCPP'
    static SEXP stop_sym = Rf_install("stop");                                                   \
                ^
RcppExports.cpp:303:1: warning: unused variable 'nprot' [-Wunused-variable]
BEGIN_RCPP
^
/Users/rnolan/Dropbox/DPhil/Misc/RStuff/filesstrings/revdep/library.noindex/autothresholdr/Rcpp/include/Rcpp/macros/macros.h:32:9: note: expanded from macro 'BEGIN_RCPP'
    int nprot = 0;                                                                               \
        ^
RcppExports.cpp:303:1: warning: unused variable 'stop_sym' [-Wunused-variable]
/Users/rnolan/Dropbox/DPhil/Misc/RStuff/filesstrings/revdep/library.noindex/autothresholdr/Rcpp/include/Rcpp/macros/macros.h:36:17: note: expanded from macro 'BEGIN_RCPP'
    static SEXP stop_sym = Rf_install("stop");                                                   \
                ^
8 warnings generated.
clang++ -std=gnu++11 -I"/Library/Frameworks/R.framework/Resources/include" -DNDEBUG  -I"/Users/rnolan/Dropbox/DPhil/Misc/RStuff/filesstrings/revdep/library.noindex/autothresholdr/Rcpp/include" -isysroot /Library/Developer/CommandLineTools/SDKs/MacOSX.sdk -I/usr/local/include  -fPIC  -Wall -g -O2  -c pillar_stats.cpp -o pillar_stats.o
clang++ -std=gnu++11 -dynamiclib -Wl,-headerpad_max_install_names -undefined dynamic_lookup -single_module -multiply_defined suppress -L/Library/Frameworks/R.framework/Resources/lib -L/usr/local/lib -o autothresholdr.so AutoThreshold.o RcppExports.o pillar_stats.o -F/Library/Frameworks/R.framework/.. -framework R -Wl,-framework -Wl,CoreFoundation
ld: warning: object file (AutoThreshold.o) was built for newer OSX version (10.14) than being linked (10.13)ld: warning: object file (RcppExports.o) was built for newer OSX version (10.14) than being linked (10.13)

ld: warning: object file (pillar_stats.o) was built for newer OSX version (10.14) than being linked (10.13)
installing to /Users/rnolan/Dropbox/DPhil/Misc/RStuff/filesstrings/revdep/checks.noindex/autothresholdr/old/autothresholdr.Rcheck/00LOCK-autothresholdr/00new/autothresholdr/libs
** R
** inst
** byte-compile and prepare package for lazy loading
** help
*** installing help indices
*** copying figures
** building package indices
** installing vignettes
** testing if installed package can be loaded from temporary location
** checking absolute paths in shared objects and dynamic libraries
** testing if installed package can be loaded from final location
** testing if installed package keeps a record of temporary installation path
* DONE (autothresholdr)
