* using log directory ‘/Users/rnolan/Dropbox/DPhil/Misc/RStuff/filesstrings/revdep/checks.noindex/autothresholdr/new/autothresholdr.Rcheck’
* using R version 3.6.0 (2019-04-26)
* using platform: x86_64-apple-darwin15.6.0 (64-bit)
* using session charset: UTF-8
* using options ‘--no-manual --no-build-vignettes’
* checking for file ‘autothresholdr/DESCRIPTION’ ... OK
* checking extension type ... Package
* this is package ‘autothresholdr’ version ‘1.3.3’
* package encoding: UTF-8
* checking package namespace information ... OK
* checking package dependencies ... OK
* checking if this is a source package ... OK
* checking if there is a namespace ... OK
* checking for executable files ... OK
* checking for hidden files and directories ... OK
* checking for portable file names ... OK
* checking for sufficient/correct file permissions ... OK
* checking whether package ‘autothresholdr’ can be installed ... OK
* checking installed package size ... OK
* checking package directory ... OK
* checking ‘build’ directory ... OK
* checking DESCRIPTION meta-information ... OK
* checking top-level files ... OK
* checking for left-over files ... OK
* checking index information ... OK
* checking package subdirectories ... OK
* checking R files for non-ASCII characters ... OK
* checking R files for syntax errors ... OK
* checking whether the package can be loaded ... OK
* checking whether the package can be loaded with stated dependencies ... OK
* checking whether the package can be unloaded cleanly ... OK
* checking whether the namespace can be loaded with stated dependencies ... OK
* checking whether the namespace can be unloaded cleanly ... OK
* checking dependencies in R code ... OK
* checking S3 generic/method consistency ... OK
* checking replacement functions ... OK
* checking foreign function calls ... OK
* checking R code for possible problems ... OK
* checking Rd files ... OK
* checking Rd metadata ... OK
* checking Rd cross-references ... OK
* checking for missing documentation entries ... OK
* checking for code/documentation mismatches ... OK
* checking Rd \usage sections ... OK
* checking Rd contents ... OK
* checking for unstated dependencies in examples ... OK
* checking line endings in C/C++/Fortran sources/headers ... OK
* checking compiled code ... OK
* checking installed files from ‘inst/doc’ ... OK
* checking files in ‘vignettes’ ... OK
* checking examples ... ERROR
Running examples in ‘autothresholdr-Ex.R’ failed
The error most likely occurred in:

> ### Name: auto_thresh
> ### Title: Automatically threshold an array of non-negative integers.
> ### Aliases: auto_thresh auto_thresh_mask auto_thresh_apply_mask mask
> ###   apply_mask
> 
> ### ** Examples
> 
> img_location <- system.file("extdata", "eg.tif", package = "autothresholdr")
> img <- ijtiff::read_tif(img_location)
Error in loadNamespace(j <- i[[1L]], c(lib.loc, .libPaths()), versionCheck = vI[[j]]) : 
  namespace ‘strex’ 1.1.0 is being loaded, but >= 1.1.1 is required
Calls: <Anonymous> ... namespaceImportFrom -> asNamespace -> loadNamespace
Execution halted
* checking for unstated dependencies in ‘tests’ ... OK
* checking tests ... ERROR
  Running ‘spelling.R’
  Comparing ‘spelling.Rout’ to ‘spelling.Rout.save’ ... OK
  Running ‘testthat.R’
Running the tests in ‘tests/testthat.R’ failed.
Last 13 lines of output:
  11: asNamespace(ns)
  12: loadNamespace(j <- i[[1L]], c(lib.loc, .libPaths()), versionCheck = vI[[j]])
  13: stop(gettextf("namespace %s %s is being loaded, but %s %s is required", sQuote(package), version, 
         zop, zversion), domain = NA)
  
  ══ testthat results  ════════════════════════════════════════════════════════════════════════════
  OK: 0 SKIPPED: 0 WARNINGS: 0 FAILED: 5
  1. Error: (unknown) (@test_auto_thresh_methods.R#3) 
  2. Error: mean_stack_thresh works (@test_stack_thresh.R#3) 
  3. Error: auto_thresh works (@test_thresh.R#4) 
  4. Error: auto_thresh works with matrices (@test_thresh.R#73) 
  5. Error: translate_fail works (@test_utils.R#4) 
  
  Error: testthat unit tests failed
  Execution halted
* checking for unstated dependencies in vignettes ... OK
* checking package vignettes in ‘inst/doc’ ... OK
* checking running R code from vignettes ... NONE
* checking re-building of vignette outputs ... SKIPPED
* DONE
Status: 2 ERRORs
