* using log directory ‘/Users/rnolan/Dropbox/DPhil/Misc/RStuff/filesstrings/revdep/checks.noindex/ijtiff/new/ijtiff.Rcheck’
* using R version 3.6.0 (2019-04-26)
* using platform: x86_64-apple-darwin15.6.0 (64-bit)
* using session charset: UTF-8
* using options ‘--no-manual --no-build-vignettes’
* checking for file ‘ijtiff/DESCRIPTION’ ... OK
* checking extension type ... Package
* this is package ‘ijtiff’ version ‘2.0.0’
* package encoding: UTF-8
* checking package namespace information ... OK
* checking package dependencies ... OK
* checking if this is a source package ... OK
* checking if there is a namespace ... OK
* checking for executable files ... OK
* checking for hidden files and directories ... OK
* checking for portable file names ... OK
* checking for sufficient/correct file permissions ... OK
* checking whether package ‘ijtiff’ can be installed ... OK
* checking installed package size ... OK
* checking package directory ... OK
* checking ‘build’ directory ... OK
* checking DESCRIPTION meta-information ... OK
* checking top-level files ... OK
* checking for left-over files ... OK
* checking index information ... OK
* checking package subdirectories ... OK
* checking R files for non-ASCII characters ... OK
* checking R files for syntax errors ... OK
* checking whether the package can be loaded ... OK
* checking whether the package can be loaded with stated dependencies ... OK
* checking whether the package can be unloaded cleanly ... OK
* checking whether the namespace can be loaded with stated dependencies ... OK
* checking whether the namespace can be unloaded cleanly ... OK
* checking dependencies in R code ... OK
* checking S3 generic/method consistency ... OK
* checking replacement functions ... OK
* checking foreign function calls ... OK
* checking R code for possible problems ... OK
* checking Rd files ... OK
* checking Rd metadata ... OK
* checking Rd cross-references ... OK
* checking for missing documentation entries ... OK
* checking for code/documentation mismatches ... OK
* checking Rd \usage sections ... OK
* checking Rd contents ... OK
* checking for unstated dependencies in examples ... OK
* checking line endings in shell scripts ... OK
* checking line endings in C/C++/Fortran sources/headers ... OK
* checking line endings in Makefiles ... OK
* checking compilation flags in Makevars ... OK
* checking for GNU extensions in Makefiles ... OK
* checking for portable use of $(BLAS_LIBS) and $(LAPACK_LIBS) ... OK
* checking compiled code ... OK
* checking installed files from ‘inst/doc’ ... OK
* checking files in ‘vignettes’ ... OK
* checking examples ... ERROR
Running examples in ‘ijtiff-Ex.R’ failed
The error most likely occurred in:

> ### Name: as_EBImage
> ### Title: Convert an ijtiff_img to an EBImage::Image.
> ### Aliases: as_EBImage
> 
> ### ** Examples
> 
> if (require(EBImage)) {
+   img <- read_tif(system.file("img", "Rlogo.tif", package = "ijtiff"))
+   str(img)
+   str(as_EBImage(img))
+   img <- read_tif(system.file("img", "2ch_ij.tif", package = "ijtiff"))
+   str(img)
+   str(as_EBImage(img))
+ }
Loading required package: EBImage

Attaching package: ‘EBImage’

The following object is masked from ‘package:ijtiff’:

    display

Error in loadNamespace(j <- i[[1L]], c(lib.loc, .libPaths()), versionCheck = vI[[j]]) : 
  namespace ‘strex’ 1.1.0 is being loaded, but >= 1.1.1 is required
Calls: read_tif ... namespaceImportFrom -> asNamespace -> loadNamespace
Execution halted
* checking for unstated dependencies in ‘tests’ ... OK
* checking tests ... ERROR
  Running ‘spelling.R’
  Comparing ‘spelling.Rout’ to ‘spelling.Rout.save’ ... OK
  Running ‘testthat.R’
Running the tests in ‘tests/testthat.R’ failed.
Last 13 lines of output:
  ══ testthat results  ════════════════════════════════════════════════════════════════════════════
  OK: 15 SKIPPED: 0 WARNINGS: 0 FAILED: 24
  1. Error: `as_EBImage()` works (@test-as_EBImage-examples.R#3) 
  2. Error: `count_imgs()` works (@test-count_imgs-examples.R#6) 
  3. Error: display works (@test-graphics.R#2) 
  4. Error: Package 2-channel example I/O works (@test-io.R#3) 
  5. Error: Package RGB I/O works (@test-io.R#56) 
  6. Error: 8-bit unsigned integer TIFF I/O works (@test-io.R#66) 
  7. Error: 16-bit unsigned integer TIFF I/O works (@test-io.R#78) 
  8. Error: 32-bit unsigned integer TIFF I/O works (@test-io.R#90) 
  9. Error: Float (real-numbered) TIFF I/O works (@test-io.R#102) 
  1. ...
  
  Error: testthat unit tests failed
  Execution halted
* checking for unstated dependencies in vignettes ... OK
* checking package vignettes in ‘inst/doc’ ... OK
* checking running R code from vignettes ... NONE
* checking re-building of vignette outputs ... SKIPPED
* DONE
Status: 2 ERRORs
