* installing *source* package ‘ijtiff’ ...
** package ‘ijtiff’ successfully unpacked and MD5 sums checked
Found pkg-config cflags and libs!
Using PKG_CFLAGS=-I/usr/local/Cellar/libtiff/4.0.9_4/include
Using PKG_LIBS=-L/usr/local/Cellar/libtiff/4.0.9_4/lib -ltiff -ljpeg -lz
** libs
clang++  -I"/Library/Frameworks/R.framework/Resources/include" -DNDEBUG -I/usr/local/Cellar/libtiff/4.0.9_4/include -I"/Users/rnolan/Dropbox/DPhil/Misc/RStuff/filesstrings/revdep/library.noindex/ijtiff/Rcpp/include" -I/usr/local/include   -fPIC  -Wall -g -O2  -c RcppExports.cpp -o RcppExports.o
clang -I"/Library/Frameworks/R.framework/Resources/include" -DNDEBUG -I/usr/local/Cellar/libtiff/4.0.9_4/include -I"/Users/rnolan/Dropbox/DPhil/Misc/RStuff/filesstrings/revdep/library.noindex/ijtiff/Rcpp/include" -I/usr/local/include   -fPIC  -Wall -g -O2  -c common.c -o common.o
clang -I"/Library/Frameworks/R.framework/Resources/include" -DNDEBUG -I/usr/local/Cellar/libtiff/4.0.9_4/include -I"/Users/rnolan/Dropbox/DPhil/Misc/RStuff/filesstrings/revdep/library.noindex/ijtiff/Rcpp/include" -I/usr/local/include   -fPIC  -Wall -g -O2  -c read.c -o read.o
clang++  -I"/Library/Frameworks/R.framework/Resources/include" -DNDEBUG -I/usr/local/Cellar/libtiff/4.0.9_4/include -I"/Users/rnolan/Dropbox/DPhil/Misc/RStuff/filesstrings/revdep/library.noindex/ijtiff/Rcpp/include" -I/usr/local/include   -fPIC  -Wall -g -O2  -c utils.cpp -o utils.o
clang -I"/Library/Frameworks/R.framework/Resources/include" -DNDEBUG -I/usr/local/Cellar/libtiff/4.0.9_4/include -I"/Users/rnolan/Dropbox/DPhil/Misc/RStuff/filesstrings/revdep/library.noindex/ijtiff/Rcpp/include" -I/usr/local/include   -fPIC  -Wall -g -O2  -c write.c -o write.o
clang++ -dynamiclib -Wl,-headerpad_max_install_names -undefined dynamic_lookup -single_module -multiply_defined suppress -L/Library/Frameworks/R.framework/Resources/lib -L/usr/local/lib -o ijtiff.so RcppExports.o common.o read.o utils.o write.o -L/usr/local/Cellar/libtiff/4.0.9_4/lib -ltiff -ljpeg -lz -F/Library/Frameworks/R.framework/.. -framework R -Wl,-framework -Wl,CoreFoundation
installing to /Users/rnolan/Dropbox/DPhil/Misc/RStuff/filesstrings/revdep/checks.noindex/ijtiff/new/ijtiff.Rcheck/ijtiff/libs
** R
** inst
** byte-compile and prepare package for lazy loading
** help
*** installing help indices
*** copying figures
** building package indices
** installing vignettes
** testing if installed package can be loaded
* DONE (ijtiff)
