Hmm ... looks like a package

This is pdfTeX, Version 3.14159265-2.6-1.40.17 (TeX Live 2016) (preloaded format=pdflatex)
 restricted \write18 enabled.
entering extended mode
LaTeX2e <2016/03/31>
Babel <3.9r> and hyphenation patterns for 83 language(s) loaded.
(./Rd2.tex
(/usr/local/texlive/2016/texmf-dist/tex/latex/base/book.cls
Document Class: book 2014/09/29 v1.4h Standard LaTeX document class
(/usr/local/texlive/2016/texmf-dist/tex/latex/base/bk10.clo))
(/Library/Frameworks/R.framework/Resources/share/texmf/tex/latex/Rd.sty
(/usr/local/texlive/2016/texmf-dist/tex/latex/base/ifthen.sty)
(/usr/local/texlive/2016/texmf-dist/tex/latex/tools/longtable.sty)
(/usr/local/texlive/2016/texmf-dist/tex/latex/tools/bm.sty)
(/usr/local/texlive/2016/texmf-dist/tex/latex/base/alltt.sty)
(/usr/local/texlive/2016/texmf-dist/tex/latex/tools/verbatim.sty)
(/usr/local/texlive/2016/texmf-dist/tex/latex/url/url.sty)
(/usr/local/texlive/2016/texmf-dist/tex/latex/base/textcomp.sty
(/usr/local/texlive/2016/texmf-dist/tex/latex/base/ts1enc.def))
(/usr/local/texlive/2016/texmf-dist/tex/latex/base/fontenc.sty
(/usr/local/texlive/2016/texmf-dist/tex/latex/base/t1enc.def))
(/usr/local/texlive/2016/texmf-dist/tex/latex/psnfss/times.sty)
(/usr/local/texlive/2016/texmf-dist/tex/latex/inconsolata/zi4.sty
`inconsolata-zi4' v1.10, 2016/02/22 Text macros for Inconsolata (msharpe)
(/usr/local/texlive/2016/texmf-dist/tex/latex/graphics/keyval.sty))
(/usr/local/texlive/2016/texmf-dist/tex/latex/graphics/color.sty
(/usr/local/texlive/2016/texmf-dist/tex/latex/graphics-cfg/color.cfg)
(/usr/local/texlive/2016/texmf-dist/tex/latex/pdftex-def/pdftex.def
(/usr/local/texlive/2016/texmf-dist/tex/generic/oberdiek/infwarerr.sty)
(/usr/local/texlive/2016/texmf-dist/tex/generic/oberdiek/ltxcmds.sty)))
(/usr/local/texlive/2016/texmf-dist/tex/latex/hyperref/hyperref.sty
(/usr/local/texlive/2016/texmf-dist/tex/generic/oberdiek/hobsub-hyperref.sty
(/usr/local/texlive/2016/texmf-dist/tex/generic/oberdiek/hobsub-generic.sty))
(/usr/local/texlive/2016/texmf-dist/tex/generic/ifxetex/ifxetex.sty)
(/usr/local/texlive/2016/texmf-dist/tex/latex/oberdiek/auxhook.sty)
(/usr/local/texlive/2016/texmf-dist/tex/latex/oberdiek/kvoptions.sty)
(/usr/local/texlive/2016/texmf-dist/tex/latex/hyperref/pd1enc.def)
(/usr/local/texlive/2016/texmf-dist/tex/latex/latexconfig/hyperref.cfg))

Package hyperref Message: Driver (autodetected): hpdftex.

(/usr/local/texlive/2016/texmf-dist/tex/latex/hyperref/hpdftex.def
(/usr/local/texlive/2016/texmf-dist/tex/latex/oberdiek/rerunfilecheck.sty))

Package hyperref Warning: Option `hyperindex' has already been used,
(hyperref)                setting the option has no effect on input line 366.


Package hyperref Warning: Option `pagebackref' has already been used,
(hyperref)                setting the option has no effect on input line 366.

) (/usr/local/texlive/2016/texmf-dist/tex/latex/base/makeidx.sty)
(/usr/local/texlive/2016/texmf-dist/tex/latex/base/inputenc.sty
(/usr/local/texlive/2016/texmf-dist/tex/latex/base/utf8.def
(/usr/local/texlive/2016/texmf-dist/tex/latex/base/t1enc.dfu)
(/usr/local/texlive/2016/texmf-dist/tex/latex/base/ot1enc.dfu)
(/usr/local/texlive/2016/texmf-dist/tex/latex/base/omsenc.dfu)
(/usr/local/texlive/2016/texmf-dist/tex/latex/base/ts1enc.dfu)))
Writing index file Rd2.idx
No file Rd2.aux.
(/usr/local/texlive/2016/texmf-dist/tex/latex/base/ts1cmr.fd)
(/usr/local/texlive/2016/texmf-dist/tex/latex/psnfss/t1ptm.fd)
(/usr/local/texlive/2016/texmf-dist/tex/context/base/mkii/supp-pdf.mkii
[Loading MPS to PDF converter (version 2006.09.02).]
) (/usr/local/texlive/2016/texmf-dist/tex/latex/hyperref/nameref.sty
(/usr/local/texlive/2016/texmf-dist/tex/generic/oberdiek/gettitlestring.sty))
(/usr/local/texlive/2016/texmf-dist/tex/latex/base/utf8.def)
(/usr/local/texlive/2016/texmf-dist/tex/latex/psnfss/ts1ptm.fd)
(/usr/local/texlive/2016/texmf-dist/tex/latex/inconsolata/t1zi4.fd)
(/usr/local/texlive/2016/texmf-dist/tex/latex/psnfss/t1phv.fd)
(/usr/local/texlive/2016/texmf-dist/tex/latex/base/utf8.def) [1{/usr/local/texl
ive/2016/texmf-var/fonts/map/pdftex/updmap/pdftex.map}]
(/usr/local/texlive/2016/texmf-dist/tex/latex/base/utf8.def) [2]
(/usr/local/texlive/2016/texmf-dist/tex/latex/base/utf8.def) [3]
(/usr/local/texlive/2016/texmf-dist/tex/latex/base/utf8.def) [4]
(/usr/local/texlive/2016/texmf-dist/tex/latex/base/utf8.def)
(/usr/local/texlive/2016/texmf-dist/tex/latex/base/utf8.def)
Overfull \hbox (25.60832pt too wide) in paragraph at lines 270--272
[]\T1/ptm/m/n/10 For a multi-plane, grayscale im-age, use a 3-dimensional ar-ra
y \T1/zi4/m/n/10 img[y, x, plane]\T1/ptm/m/n/10 . 

Overfull \hbox (87.39806pt too wide) in paragraph at lines 274--276
[]\T1/ptm/m/n/10 For a multi-channel, multi-plane im-age, use a 4-dimensional a
r-ray \T1/zi4/m/n/10 img[y, x, channel, plane]\T1/ptm/m/n/10 . 
[5] (/usr/local/texlive/2016/texmf-dist/tex/latex/base/utf8.def)
(/usr/local/texlive/2016/texmf-dist/tex/latex/base/utf8.def) [6]
(/usr/local/texlive/2016/texmf-dist/tex/latex/base/utf8.def) [7]
Overfull \hbox (4.859pt too wide) in paragraph at lines 430--436
\T1/ptm/m/n/10 SION, THRESH-HOLD-ING, XRES-O-LU-TION, YRES-O-LU-TION, RES-O-LU-
TIO-NUNIT, IN-DEXED
(/usr/local/texlive/2016/texmf-dist/tex/latex/inconsolata/ts1zi4.fd)
(/usr/local/texlive/2016/texmf-dist/tex/latex/base/utf8.def) [8]
(/usr/local/texlive/2016/texmf-dist/tex/latex/base/utf8.def)
Overfull \hbox (25.60832pt too wide) in paragraph at lines 535--537
[]\T1/ptm/m/n/10 For a multi-plane, grayscale im-age, use a 3-dimensional ar-ra
y \T1/zi4/m/n/10 img[y, x, plane]\T1/ptm/m/n/10 . 
[9]
Overfull \hbox (87.39806pt too wide) in paragraph at lines 539--541
[]\T1/ptm/m/n/10 For a multi-channel, multi-plane im-age, use a 4-dimensional a
r-ray \T1/zi4/m/n/10 img[y, x, channel, plane]\T1/ptm/m/n/10 . 
No file Rd2.ind.
[10] (./Rd2.aux)

Package rerunfilecheck Warning: File `Rd2.out' has changed.
(rerunfilecheck)                Rerun to get outlines right
(rerunfilecheck)                or use package `bookmark'.

 )
(see the transcript file for additional information)pdfTeX warning (dest): name
{Rfn.EBImage::display\(\)} has been referenced but does not exist, replaced by 
a fixed one

pdfTeX warning (dest): name{Rfn.EBImage::Image} has been referenced but does no
t exist, replaced by a fixed one

{/usr/local/texlive/2016/texmf-dist/fonts/enc/dvips/inconsolata/i4-ts1.enc}{/us
r/local/texlive/2016/texmf-dist/fonts/enc/dvips/base/8r.enc}{/usr/local/texlive
/2016/texmf-dist/fonts/enc/dvips/inconsolata/i4-t1-0.enc}</usr/local/texlive/20
16/texmf-dist/fonts/type1/public/inconsolata/Inconsolata-zi4r.pfb></usr/local/t
exlive/2016/texmf-dist/fonts/type1/urw/helvetic/uhvr8a.pfb></usr/local/texlive/
2016/texmf-dist/fonts/type1/urw/times/utmb8a.pfb></usr/local/texlive/2016/texmf
-dist/fonts/type1/urw/times/utmr8a.pfb></usr/local/texlive/2016/texmf-dist/font
s/type1/urw/times/utmr8a.pfb></usr/local/texlive/2016/texmf-dist/fonts/type1/ur
w/times/utmri8a.pfb>
Output written on Rd2.pdf (10 pages, 105049 bytes).
Transcript written on Rd2.log.
This is makeindex, version 2.15 [TeX Live 2016] (kpathsea + Thai support).
Scanning input file Rd2.idx....done (37 entries accepted, 0 rejected).
Sorting entries....done (205 comparisons).
Generating output file Rd2.ind....done (66 lines written, 1 warning).
Output written in Rd2.ind.
Transcript written in Rd2.ilg.
This is pdfTeX, Version 3.14159265-2.6-1.40.17 (TeX Live 2016) (preloaded format=pdflatex)
 restricted \write18 enabled.
entering extended mode
LaTeX2e <2016/03/31>
Babel <3.9r> and hyphenation patterns for 83 language(s) loaded.
(./Rd2.tex
(/usr/local/texlive/2016/texmf-dist/tex/latex/base/book.cls
Document Class: book 2014/09/29 v1.4h Standard LaTeX document class
(/usr/local/texlive/2016/texmf-dist/tex/latex/base/bk10.clo))
(/Library/Frameworks/R.framework/Resources/share/texmf/tex/latex/Rd.sty
(/usr/local/texlive/2016/texmf-dist/tex/latex/base/ifthen.sty)
(/usr/local/texlive/2016/texmf-dist/tex/latex/tools/longtable.sty)
(/usr/local/texlive/2016/texmf-dist/tex/latex/tools/bm.sty)
(/usr/local/texlive/2016/texmf-dist/tex/latex/base/alltt.sty)
(/usr/local/texlive/2016/texmf-dist/tex/latex/tools/verbatim.sty)
(/usr/local/texlive/2016/texmf-dist/tex/latex/url/url.sty)
(/usr/local/texlive/2016/texmf-dist/tex/latex/base/textcomp.sty
(/usr/local/texlive/2016/texmf-dist/tex/latex/base/ts1enc.def))
(/usr/local/texlive/2016/texmf-dist/tex/latex/base/fontenc.sty
(/usr/local/texlive/2016/texmf-dist/tex/latex/base/t1enc.def))
(/usr/local/texlive/2016/texmf-dist/tex/latex/psnfss/times.sty)
(/usr/local/texlive/2016/texmf-dist/tex/latex/inconsolata/zi4.sty
`inconsolata-zi4' v1.10, 2016/02/22 Text macros for Inconsolata (msharpe)
(/usr/local/texlive/2016/texmf-dist/tex/latex/graphics/keyval.sty))
(/usr/local/texlive/2016/texmf-dist/tex/latex/graphics/color.sty
(/usr/local/texlive/2016/texmf-dist/tex/latex/graphics-cfg/color.cfg)
(/usr/local/texlive/2016/texmf-dist/tex/latex/pdftex-def/pdftex.def
(/usr/local/texlive/2016/texmf-dist/tex/generic/oberdiek/infwarerr.sty)
(/usr/local/texlive/2016/texmf-dist/tex/generic/oberdiek/ltxcmds.sty)))
(/usr/local/texlive/2016/texmf-dist/tex/latex/hyperref/hyperref.sty
(/usr/local/texlive/2016/texmf-dist/tex/generic/oberdiek/hobsub-hyperref.sty
(/usr/local/texlive/2016/texmf-dist/tex/generic/oberdiek/hobsub-generic.sty))
(/usr/local/texlive/2016/texmf-dist/tex/generic/ifxetex/ifxetex.sty)
(/usr/local/texlive/2016/texmf-dist/tex/latex/oberdiek/auxhook.sty)
(/usr/local/texlive/2016/texmf-dist/tex/latex/oberdiek/kvoptions.sty)
(/usr/local/texlive/2016/texmf-dist/tex/latex/hyperref/pd1enc.def)
(/usr/local/texlive/2016/texmf-dist/tex/latex/latexconfig/hyperref.cfg))

Package hyperref Message: Driver (autodetected): hpdftex.

(/usr/local/texlive/2016/texmf-dist/tex/latex/hyperref/hpdftex.def
(/usr/local/texlive/2016/texmf-dist/tex/latex/oberdiek/rerunfilecheck.sty))

Package hyperref Warning: Option `hyperindex' has already been used,
(hyperref)                setting the option has no effect on input line 366.


Package hyperref Warning: Option `pagebackref' has already been used,
(hyperref)                setting the option has no effect on input line 366.

) (/usr/local/texlive/2016/texmf-dist/tex/latex/base/makeidx.sty)
(/usr/local/texlive/2016/texmf-dist/tex/latex/base/inputenc.sty
(/usr/local/texlive/2016/texmf-dist/tex/latex/base/utf8.def
(/usr/local/texlive/2016/texmf-dist/tex/latex/base/t1enc.dfu)
(/usr/local/texlive/2016/texmf-dist/tex/latex/base/ot1enc.dfu)
(/usr/local/texlive/2016/texmf-dist/tex/latex/base/omsenc.dfu)
(/usr/local/texlive/2016/texmf-dist/tex/latex/base/ts1enc.dfu)))
Writing index file Rd2.idx
(./Rd2.aux) (/usr/local/texlive/2016/texmf-dist/tex/latex/base/ts1cmr.fd)
(/usr/local/texlive/2016/texmf-dist/tex/latex/psnfss/t1ptm.fd)
(/usr/local/texlive/2016/texmf-dist/tex/context/base/mkii/supp-pdf.mkii
[Loading MPS to PDF converter (version 2006.09.02).]
) (/usr/local/texlive/2016/texmf-dist/tex/latex/hyperref/nameref.sty
(/usr/local/texlive/2016/texmf-dist/tex/generic/oberdiek/gettitlestring.sty))
(./Rd2.out) (./Rd2.out)
(/usr/local/texlive/2016/texmf-dist/tex/latex/base/utf8.def)
(/usr/local/texlive/2016/texmf-dist/tex/latex/psnfss/ts1ptm.fd)
(/usr/local/texlive/2016/texmf-dist/tex/latex/inconsolata/t1zi4.fd)
(/usr/local/texlive/2016/texmf-dist/tex/latex/psnfss/t1phv.fd) (./Rd2.toc
[1{/usr/local/texlive/2016/texmf-var/fonts/map/pdftex/updmap/pdftex.map}])
(/usr/local/texlive/2016/texmf-dist/tex/latex/base/utf8.def) [2]
(/usr/local/texlive/2016/texmf-dist/tex/latex/base/utf8.def)
(/usr/local/texlive/2016/texmf-dist/tex/latex/base/utf8.def) [3]
(/usr/local/texlive/2016/texmf-dist/tex/latex/base/utf8.def) [4]
(/usr/local/texlive/2016/texmf-dist/tex/latex/base/utf8.def)
(/usr/local/texlive/2016/texmf-dist/tex/latex/base/utf8.def) [5]
Overfull \hbox (25.60832pt too wide) in paragraph at lines 270--272
[]\T1/ptm/m/n/10 For a multi-plane, grayscale im-age, use a 3-dimensional ar-ra
y \T1/zi4/m/n/10 img[y, x, plane]\T1/ptm/m/n/10 . 

Overfull \hbox (87.39806pt too wide) in paragraph at lines 274--276
[]\T1/ptm/m/n/10 For a multi-channel, multi-plane im-age, use a 4-dimensional a
r-ray \T1/zi4/m/n/10 img[y, x, channel, plane]\T1/ptm/m/n/10 . 
(/usr/local/texlive/2016/texmf-dist/tex/latex/base/utf8.def) [6]
(/usr/local/texlive/2016/texmf-dist/tex/latex/base/utf8.def) [7]
(/usr/local/texlive/2016/texmf-dist/tex/latex/base/utf8.def)
Overfull \hbox (4.859pt too wide) in paragraph at lines 430--436
\T1/ptm/m/n/10 SION, THRESH-HOLD-ING, XRES-O-LU-TION, YRES-O-LU-TION, RES-O-LU-
TIO-NUNIT, IN-DEXED
[8] (/usr/local/texlive/2016/texmf-dist/tex/latex/inconsolata/ts1zi4.fd)
(/usr/local/texlive/2016/texmf-dist/tex/latex/base/utf8.def) [9]
(/usr/local/texlive/2016/texmf-dist/tex/latex/base/utf8.def)
Overfull \hbox (25.60832pt too wide) in paragraph at lines 535--537
[]\T1/ptm/m/n/10 For a multi-plane, grayscale im-age, use a 3-dimensional ar-ra
y \T1/zi4/m/n/10 img[y, x, plane]\T1/ptm/m/n/10 . 

Overfull \hbox (87.39806pt too wide) in paragraph at lines 539--541
[]\T1/ptm/m/n/10 For a multi-channel, multi-plane im-age, use a 4-dimensional a
r-ray \T1/zi4/m/n/10 img[y, x, channel, plane]\T1/ptm/m/n/10 . 
[10] (./Rd2.ind [11]

LaTeX Font Warning: Font shape `T1/zi4/m/it' undefined
(Font)              using `T1/zi4/m/n' instead on input line 4.

[12]) (./Rd2.aux)

Package rerunfilecheck Warning: File `Rd2.out' has changed.
(rerunfilecheck)                Rerun to get outlines right
(rerunfilecheck)                or use package `bookmark'.


LaTeX Font Warning: Some font shapes were not available, defaults substituted.

 )
(see the transcript file for additional information)pdfTeX warning (dest): name
{Rfn.EBImage::display\(\)} has been referenced but does not exist, replaced by 
a fixed one

pdfTeX warning (dest): name{Rfn.EBImage::Image} has been referenced but does no
t exist, replaced by a fixed one

{/usr/local/texlive/2016/texmf-dist/fonts/enc/dvips/inconsolata/i4-ts1.enc}{/us
r/local/texlive/2016/texmf-dist/fonts/enc/dvips/base/8r.enc}{/usr/local/texlive
/2016/texmf-dist/fonts/enc/dvips/inconsolata/i4-t1-0.enc}</usr/local/texlive/20
16/texmf-dist/fonts/type1/public/inconsolata/Inconsolata-zi4r.pfb></usr/local/t
exlive/2016/texmf-dist/fonts/type1/urw/helvetic/uhvr8a.pfb></usr/local/texlive/
2016/texmf-dist/fonts/type1/urw/times/utmb8a.pfb></usr/local/texlive/2016/texmf
-dist/fonts/type1/urw/times/utmr8a.pfb></usr/local/texlive/2016/texmf-dist/font
s/type1/urw/times/utmr8a.pfb></usr/local/texlive/2016/texmf-dist/fonts/type1/ur
w/times/utmri8a.pfb>
Output written on Rd2.pdf (12 pages, 110017 bytes).
Transcript written on Rd2.log.
This is makeindex, version 2.15 [TeX Live 2016] (kpathsea + Thai support).
Scanning input file Rd2.idx....done (37 entries accepted, 0 rejected).
Sorting entries....done (201 comparisons).
Generating output file Rd2.ind....done (67 lines written, 1 warning).
Output written in Rd2.ind.
Transcript written in Rd2.ilg.
This is pdfTeX, Version 3.14159265-2.6-1.40.17 (TeX Live 2016) (preloaded format=pdflatex)
 restricted \write18 enabled.
entering extended mode
LaTeX2e <2016/03/31>
Babel <3.9r> and hyphenation patterns for 83 language(s) loaded.
(./Rd2.tex
(/usr/local/texlive/2016/texmf-dist/tex/latex/base/book.cls
Document Class: book 2014/09/29 v1.4h Standard LaTeX document class
(/usr/local/texlive/2016/texmf-dist/tex/latex/base/bk10.clo))
(/Library/Frameworks/R.framework/Resources/share/texmf/tex/latex/Rd.sty
(/usr/local/texlive/2016/texmf-dist/tex/latex/base/ifthen.sty)
(/usr/local/texlive/2016/texmf-dist/tex/latex/tools/longtable.sty)
(/usr/local/texlive/2016/texmf-dist/tex/latex/tools/bm.sty)
(/usr/local/texlive/2016/texmf-dist/tex/latex/base/alltt.sty)
(/usr/local/texlive/2016/texmf-dist/tex/latex/tools/verbatim.sty)
(/usr/local/texlive/2016/texmf-dist/tex/latex/url/url.sty)
(/usr/local/texlive/2016/texmf-dist/tex/latex/base/textcomp.sty
(/usr/local/texlive/2016/texmf-dist/tex/latex/base/ts1enc.def))
(/usr/local/texlive/2016/texmf-dist/tex/latex/base/fontenc.sty
(/usr/local/texlive/2016/texmf-dist/tex/latex/base/t1enc.def))
(/usr/local/texlive/2016/texmf-dist/tex/latex/psnfss/times.sty)
(/usr/local/texlive/2016/texmf-dist/tex/latex/inconsolata/zi4.sty
`inconsolata-zi4' v1.10, 2016/02/22 Text macros for Inconsolata (msharpe)
(/usr/local/texlive/2016/texmf-dist/tex/latex/graphics/keyval.sty))
(/usr/local/texlive/2016/texmf-dist/tex/latex/graphics/color.sty
(/usr/local/texlive/2016/texmf-dist/tex/latex/graphics-cfg/color.cfg)
(/usr/local/texlive/2016/texmf-dist/tex/latex/pdftex-def/pdftex.def
(/usr/local/texlive/2016/texmf-dist/tex/generic/oberdiek/infwarerr.sty)
(/usr/local/texlive/2016/texmf-dist/tex/generic/oberdiek/ltxcmds.sty)))
(/usr/local/texlive/2016/texmf-dist/tex/latex/hyperref/hyperref.sty
(/usr/local/texlive/2016/texmf-dist/tex/generic/oberdiek/hobsub-hyperref.sty
(/usr/local/texlive/2016/texmf-dist/tex/generic/oberdiek/hobsub-generic.sty))
(/usr/local/texlive/2016/texmf-dist/tex/generic/ifxetex/ifxetex.sty)
(/usr/local/texlive/2016/texmf-dist/tex/latex/oberdiek/auxhook.sty)
(/usr/local/texlive/2016/texmf-dist/tex/latex/oberdiek/kvoptions.sty)
(/usr/local/texlive/2016/texmf-dist/tex/latex/hyperref/pd1enc.def)
(/usr/local/texlive/2016/texmf-dist/tex/latex/latexconfig/hyperref.cfg))

Package hyperref Message: Driver (autodetected): hpdftex.

(/usr/local/texlive/2016/texmf-dist/tex/latex/hyperref/hpdftex.def
(/usr/local/texlive/2016/texmf-dist/tex/latex/oberdiek/rerunfilecheck.sty))

Package hyperref Warning: Option `hyperindex' has already been used,
(hyperref)                setting the option has no effect on input line 366.


Package hyperref Warning: Option `pagebackref' has already been used,
(hyperref)                setting the option has no effect on input line 366.

) (/usr/local/texlive/2016/texmf-dist/tex/latex/base/makeidx.sty)
(/usr/local/texlive/2016/texmf-dist/tex/latex/base/inputenc.sty
(/usr/local/texlive/2016/texmf-dist/tex/latex/base/utf8.def
(/usr/local/texlive/2016/texmf-dist/tex/latex/base/t1enc.dfu)
(/usr/local/texlive/2016/texmf-dist/tex/latex/base/ot1enc.dfu)
(/usr/local/texlive/2016/texmf-dist/tex/latex/base/omsenc.dfu)
(/usr/local/texlive/2016/texmf-dist/tex/latex/base/ts1enc.dfu)))
Writing index file Rd2.idx
(./Rd2.aux) (/usr/local/texlive/2016/texmf-dist/tex/latex/base/ts1cmr.fd)
(/usr/local/texlive/2016/texmf-dist/tex/latex/psnfss/t1ptm.fd)
(/usr/local/texlive/2016/texmf-dist/tex/context/base/mkii/supp-pdf.mkii
[Loading MPS to PDF converter (version 2006.09.02).]
) (/usr/local/texlive/2016/texmf-dist/tex/latex/hyperref/nameref.sty
(/usr/local/texlive/2016/texmf-dist/tex/generic/oberdiek/gettitlestring.sty))
(./Rd2.out) (./Rd2.out)
(/usr/local/texlive/2016/texmf-dist/tex/latex/base/utf8.def)
(/usr/local/texlive/2016/texmf-dist/tex/latex/psnfss/ts1ptm.fd)
(/usr/local/texlive/2016/texmf-dist/tex/latex/inconsolata/t1zi4.fd)
(/usr/local/texlive/2016/texmf-dist/tex/latex/psnfss/t1phv.fd) (./Rd2.toc
[1{/usr/local/texlive/2016/texmf-var/fonts/map/pdftex/updmap/pdftex.map}])
(/usr/local/texlive/2016/texmf-dist/tex/latex/base/utf8.def) [2]
(/usr/local/texlive/2016/texmf-dist/tex/latex/base/utf8.def)
(/usr/local/texlive/2016/texmf-dist/tex/latex/base/utf8.def) [3]
(/usr/local/texlive/2016/texmf-dist/tex/latex/base/utf8.def) [4]
(/usr/local/texlive/2016/texmf-dist/tex/latex/base/utf8.def)
(/usr/local/texlive/2016/texmf-dist/tex/latex/base/utf8.def) [5]
Overfull \hbox (25.60832pt too wide) in paragraph at lines 270--272
[]\T1/ptm/m/n/10 For a multi-plane, grayscale im-age, use a 3-dimensional ar-ra
y \T1/zi4/m/n/10 img[y, x, plane]\T1/ptm/m/n/10 . 

Overfull \hbox (87.39806pt too wide) in paragraph at lines 274--276
[]\T1/ptm/m/n/10 For a multi-channel, multi-plane im-age, use a 4-dimensional a
r-ray \T1/zi4/m/n/10 img[y, x, channel, plane]\T1/ptm/m/n/10 . 
(/usr/local/texlive/2016/texmf-dist/tex/latex/base/utf8.def) [6]
(/usr/local/texlive/2016/texmf-dist/tex/latex/base/utf8.def) [7]
(/usr/local/texlive/2016/texmf-dist/tex/latex/base/utf8.def)
Overfull \hbox (4.859pt too wide) in paragraph at lines 430--436
\T1/ptm/m/n/10 SION, THRESH-HOLD-ING, XRES-O-LU-TION, YRES-O-LU-TION, RES-O-LU-
TIO-NUNIT, IN-DEXED
[8] (/usr/local/texlive/2016/texmf-dist/tex/latex/inconsolata/ts1zi4.fd)
(/usr/local/texlive/2016/texmf-dist/tex/latex/base/utf8.def) [9]
(/usr/local/texlive/2016/texmf-dist/tex/latex/base/utf8.def)
Overfull \hbox (25.60832pt too wide) in paragraph at lines 535--537
[]\T1/ptm/m/n/10 For a multi-plane, grayscale im-age, use a 3-dimensional ar-ra
y \T1/zi4/m/n/10 img[y, x, plane]\T1/ptm/m/n/10 . 

Overfull \hbox (87.39806pt too wide) in paragraph at lines 539--541
[]\T1/ptm/m/n/10 For a multi-channel, multi-plane im-age, use a 4-dimensional a
r-ray \T1/zi4/m/n/10 img[y, x, channel, plane]\T1/ptm/m/n/10 . 
[10] (./Rd2.ind [11]

LaTeX Font Warning: Font shape `T1/zi4/m/it' undefined
(Font)              using `T1/zi4/m/n' instead on input line 4.

[12]) (./Rd2.aux)

LaTeX Font Warning: Some font shapes were not available, defaults substituted.

 )
(see the transcript file for additional information)pdfTeX warning (dest): name
{Rfn.EBImage::display\(\)} has been referenced but does not exist, replaced by 
a fixed one

pdfTeX warning (dest): name{Rfn.EBImage::Image} has been referenced but does no
t exist, replaced by a fixed one

{/usr/local/texlive/2016/texmf-dist/fonts/enc/dvips/inconsolata/i4-ts1.enc}{/us
r/local/texlive/2016/texmf-dist/fonts/enc/dvips/base/8r.enc}{/usr/local/texlive
/2016/texmf-dist/fonts/enc/dvips/inconsolata/i4-t1-0.enc}</usr/local/texlive/20
16/texmf-dist/fonts/type1/public/inconsolata/Inconsolata-zi4r.pfb></usr/local/t
exlive/2016/texmf-dist/fonts/type1/urw/helvetic/uhvr8a.pfb></usr/local/texlive/
2016/texmf-dist/fonts/type1/urw/times/utmb8a.pfb></usr/local/texlive/2016/texmf
-dist/fonts/type1/urw/times/utmr8a.pfb></usr/local/texlive/2016/texmf-dist/font
s/type1/urw/times/utmr8a.pfb></usr/local/texlive/2016/texmf-dist/fonts/type1/ur
w/times/utmri8a.pfb>
Output written on Rd2.pdf (12 pages, 110134 bytes).
Transcript written on Rd2.log.
Saving output to ‘ijtiff-manual.pdf’ ...
Done
You may want to clean up by 'rm -Rf /var/folders/l_/2mwm03p55zg7zjykv084hhvr0000gn/T//Rtmp2nAWxn/Rd2pdf71771345e2ab'
