* installing *source* package ‘detrendr’ ...
** package ‘detrendr’ successfully unpacked and MD5 sums checked
** libs
clang++ -std=gnu++11 -I"/Library/Frameworks/R.framework/Resources/include" -DNDEBUG  -I"/Users/rnolan/Dropbox/DPhil/Misc/RStuff/filesstrings/revdep/library.noindex/detrendr/Rcpp/include" -I"/Users/rnolan/Dropbox/DPhil/Misc/RStuff/filesstrings/revdep/library.noindex/detrendr/RcppParallel/include" -I/usr/local/include   -fPIC  -Wall -g -O2 -c RcppExports.cpp -o RcppExports.o
clang++ -std=gnu++11 -I"/Library/Frameworks/R.framework/Resources/include" -DNDEBUG  -I"/Users/rnolan/Dropbox/DPhil/Misc/RStuff/filesstrings/revdep/library.noindex/detrendr/Rcpp/include" -I"/Users/rnolan/Dropbox/DPhil/Misc/RStuff/filesstrings/revdep/library.noindex/detrendr/RcppParallel/include" -I/usr/local/include   -fPIC  -Wall -g -O2 -c anyNA.cpp -o anyNA.o
clang++ -std=gnu++11 -I"/Library/Frameworks/R.framework/Resources/include" -DNDEBUG  -I"/Users/rnolan/Dropbox/DPhil/Misc/RStuff/filesstrings/revdep/library.noindex/detrendr/Rcpp/include" -I"/Users/rnolan/Dropbox/DPhil/Misc/RStuff/filesstrings/revdep/library.noindex/detrendr/RcppParallel/include" -I/usr/local/include   -fPIC  -Wall -g -O2 -c col_stats_parallel.cpp -o col_stats_parallel.o
clang++ -std=gnu++11 -I"/Library/Frameworks/R.framework/Resources/include" -DNDEBUG  -I"/Users/rnolan/Dropbox/DPhil/Misc/RStuff/filesstrings/revdep/library.noindex/detrendr/Rcpp/include" -I"/Users/rnolan/Dropbox/DPhil/Misc/RStuff/filesstrings/revdep/library.noindex/detrendr/RcppParallel/include" -I/usr/local/include   -fPIC  -Wall -g -O2 -c frame_utils.cpp -o frame_utils.o
clang++ -std=gnu++11 -I"/Library/Frameworks/R.framework/Resources/include" -DNDEBUG  -I"/Users/rnolan/Dropbox/DPhil/Misc/RStuff/filesstrings/revdep/library.noindex/detrendr/Rcpp/include" -I"/Users/rnolan/Dropbox/DPhil/Misc/RStuff/filesstrings/revdep/library.noindex/detrendr/RcppParallel/include" -I/usr/local/include   -fPIC  -Wall -g -O2 -c pillar_stats.cpp -o pillar_stats.o
clang++ -std=gnu++11 -I"/Library/Frameworks/R.framework/Resources/include" -DNDEBUG  -I"/Users/rnolan/Dropbox/DPhil/Misc/RStuff/filesstrings/revdep/library.noindex/detrendr/Rcpp/include" -I"/Users/rnolan/Dropbox/DPhil/Misc/RStuff/filesstrings/revdep/library.noindex/detrendr/RcppParallel/include" -I/usr/local/include   -fPIC  -Wall -g -O2 -c pillar_stats_parallel.cpp -o pillar_stats_parallel.o
clang++ -std=gnu++11 -I"/Library/Frameworks/R.framework/Resources/include" -DNDEBUG  -I"/Users/rnolan/Dropbox/DPhil/Misc/RStuff/filesstrings/revdep/library.noindex/detrendr/Rcpp/include" -I"/Users/rnolan/Dropbox/DPhil/Misc/RStuff/filesstrings/revdep/library.noindex/detrendr/RcppParallel/include" -I/usr/local/include   -fPIC  -Wall -g -O2 -c pillar_utils_parallel.cpp -o pillar_utils_parallel.o
clang++ -std=gnu++11 -I"/Library/Frameworks/R.framework/Resources/include" -DNDEBUG  -I"/Users/rnolan/Dropbox/DPhil/Misc/RStuff/filesstrings/revdep/library.noindex/detrendr/Rcpp/include" -I"/Users/rnolan/Dropbox/DPhil/Misc/RStuff/filesstrings/revdep/library.noindex/detrendr/RcppParallel/include" -I/usr/local/include   -fPIC  -Wall -g -O2 -c rbernoulli_parallel.cpp -o rbernoulli_parallel.o
clang++ -std=gnu++11 -I"/Library/Frameworks/R.framework/Resources/include" -DNDEBUG  -I"/Users/rnolan/Dropbox/DPhil/Misc/RStuff/filesstrings/revdep/library.noindex/detrendr/Rcpp/include" -I"/Users/rnolan/Dropbox/DPhil/Misc/RStuff/filesstrings/revdep/library.noindex/detrendr/RcppParallel/include" -I/usr/local/include   -fPIC  -Wall -g -O2 -c rboxes.cpp -o rboxes.o
clang++ -std=gnu++11 -I"/Library/Frameworks/R.framework/Resources/include" -DNDEBUG  -I"/Users/rnolan/Dropbox/DPhil/Misc/RStuff/filesstrings/revdep/library.noindex/detrendr/Rcpp/include" -I"/Users/rnolan/Dropbox/DPhil/Misc/RStuff/filesstrings/revdep/library.noindex/detrendr/RcppParallel/include" -I/usr/local/include   -fPIC  -Wall -g -O2 -c row_stats_parallel.cpp -o row_stats_parallel.o
clang++ -std=gnu++11 -I"/Library/Frameworks/R.framework/Resources/include" -DNDEBUG  -I"/Users/rnolan/Dropbox/DPhil/Misc/RStuff/filesstrings/revdep/library.noindex/detrendr/Rcpp/include" -I"/Users/rnolan/Dropbox/DPhil/Misc/RStuff/filesstrings/revdep/library.noindex/detrendr/RcppParallel/include" -I/usr/local/include   -fPIC  -Wall -g -O2 -c rpois_parallel.cc -o rpois_parallel.o
clang++ -std=gnu++11 -I"/Library/Frameworks/R.framework/Resources/include" -DNDEBUG  -I"/Users/rnolan/Dropbox/DPhil/Misc/RStuff/filesstrings/revdep/library.noindex/detrendr/Rcpp/include" -I"/Users/rnolan/Dropbox/DPhil/Misc/RStuff/filesstrings/revdep/library.noindex/detrendr/RcppParallel/include" -I/usr/local/include   -fPIC  -Wall -g -O2 -c smooth.cc -o smooth.o
clang++ -std=gnu++11 -I"/Library/Frameworks/R.framework/Resources/include" -DNDEBUG  -I"/Users/rnolan/Dropbox/DPhil/Misc/RStuff/filesstrings/revdep/library.noindex/detrendr/Rcpp/include" -I"/Users/rnolan/Dropbox/DPhil/Misc/RStuff/filesstrings/revdep/library.noindex/detrendr/RcppParallel/include" -I/usr/local/include   -fPIC  -Wall -g -O2 -c smooth_parallel.cc -o smooth_parallel.o
clang++ -std=gnu++11 -I"/Library/Frameworks/R.framework/Resources/include" -DNDEBUG  -I"/Users/rnolan/Dropbox/DPhil/Misc/RStuff/filesstrings/revdep/library.noindex/detrendr/Rcpp/include" -I"/Users/rnolan/Dropbox/DPhil/Misc/RStuff/filesstrings/revdep/library.noindex/detrendr/RcppParallel/include" -I/usr/local/include   -fPIC  -Wall -g -O2 -c stats_parallel.cc -o stats_parallel.o
clang++ -std=gnu++11 -I"/Library/Frameworks/R.framework/Resources/include" -DNDEBUG  -I"/Users/rnolan/Dropbox/DPhil/Misc/RStuff/filesstrings/revdep/library.noindex/detrendr/Rcpp/include" -I"/Users/rnolan/Dropbox/DPhil/Misc/RStuff/filesstrings/revdep/library.noindex/detrendr/RcppParallel/include" -I/usr/local/include   -fPIC  -Wall -g -O2 -c utils.cpp -o utils.o
clang++ -std=gnu++11 -dynamiclib -Wl,-headerpad_max_install_names -undefined dynamic_lookup -single_module -multiply_defined suppress -L/Library/Frameworks/R.framework/Resources/lib -L/usr/local/lib -o detrendr.so RcppExports.o anyNA.o col_stats_parallel.o frame_utils.o pillar_stats.o pillar_stats_parallel.o pillar_utils_parallel.o rbernoulli_parallel.o rboxes.o row_stats_parallel.o rpois_parallel.o smooth.o smooth_parallel.o stats_parallel.o utils.o -F/Library/Frameworks/R.framework/.. -framework R -Wl,-framework -Wl,CoreFoundation
installing to /Users/rnolan/Dropbox/DPhil/Misc/RStuff/filesstrings/revdep/checks.noindex/detrendr/new/detrendr.Rcheck/detrendr/libs
** R
** inst
** byte-compile and prepare package for lazy loading
Note: wrong number of arguments to 'floor' 
Note: wrong number of arguments to 'floor' 
Note: wrong number of arguments to 'floor' 
** help
*** installing help indices
** building package indices
** installing vignettes
** testing if installed package can be loaded
* DONE (detrendr)
