Hmm ... looks like a package

This is pdfTeX, Version 3.14159265-2.6-1.40.17 (TeX Live 2016) (preloaded format=pdflatex)
 restricted \write18 enabled.
entering extended mode
LaTeX2e <2016/03/31>
Babel <3.9r> and hyphenation patterns for 83 language(s) loaded.
(./Rd2.tex
(/usr/local/texlive/2016/texmf-dist/tex/latex/base/book.cls
Document Class: book 2014/09/29 v1.4h Standard LaTeX document class
(/usr/local/texlive/2016/texmf-dist/tex/latex/base/bk10.clo))
(/Library/Frameworks/R.framework/Resources/share/texmf/tex/latex/Rd.sty
(/usr/local/texlive/2016/texmf-dist/tex/latex/base/ifthen.sty)
(/usr/local/texlive/2016/texmf-dist/tex/latex/tools/longtable.sty)
(/usr/local/texlive/2016/texmf-dist/tex/latex/tools/bm.sty)
(/usr/local/texlive/2016/texmf-dist/tex/latex/base/alltt.sty)
(/usr/local/texlive/2016/texmf-dist/tex/latex/tools/verbatim.sty)
(/usr/local/texlive/2016/texmf-dist/tex/latex/url/url.sty)
(/usr/local/texlive/2016/texmf-dist/tex/latex/base/textcomp.sty
(/usr/local/texlive/2016/texmf-dist/tex/latex/base/ts1enc.def))
(/usr/local/texlive/2016/texmf-dist/tex/latex/base/fontenc.sty
(/usr/local/texlive/2016/texmf-dist/tex/latex/base/t1enc.def))
(/usr/local/texlive/2016/texmf-dist/tex/latex/psnfss/times.sty)
(/usr/local/texlive/2016/texmf-dist/tex/latex/inconsolata/zi4.sty
`inconsolata-zi4' v1.10, 2016/02/22 Text macros for Inconsolata (msharpe)
(/usr/local/texlive/2016/texmf-dist/tex/latex/graphics/keyval.sty))
(/usr/local/texlive/2016/texmf-dist/tex/latex/graphics/color.sty
(/usr/local/texlive/2016/texmf-dist/tex/latex/graphics-cfg/color.cfg)
(/usr/local/texlive/2016/texmf-dist/tex/latex/pdftex-def/pdftex.def
(/usr/local/texlive/2016/texmf-dist/tex/generic/oberdiek/infwarerr.sty)
(/usr/local/texlive/2016/texmf-dist/tex/generic/oberdiek/ltxcmds.sty)))
(/usr/local/texlive/2016/texmf-dist/tex/latex/hyperref/hyperref.sty
(/usr/local/texlive/2016/texmf-dist/tex/generic/oberdiek/hobsub-hyperref.sty
(/usr/local/texlive/2016/texmf-dist/tex/generic/oberdiek/hobsub-generic.sty))
(/usr/local/texlive/2016/texmf-dist/tex/generic/ifxetex/ifxetex.sty)
(/usr/local/texlive/2016/texmf-dist/tex/latex/oberdiek/auxhook.sty)
(/usr/local/texlive/2016/texmf-dist/tex/latex/oberdiek/kvoptions.sty)
(/usr/local/texlive/2016/texmf-dist/tex/latex/hyperref/pd1enc.def)
(/usr/local/texlive/2016/texmf-dist/tex/latex/latexconfig/hyperref.cfg))

Package hyperref Message: Driver (autodetected): hpdftex.

(/usr/local/texlive/2016/texmf-dist/tex/latex/hyperref/hpdftex.def
(/usr/local/texlive/2016/texmf-dist/tex/latex/oberdiek/rerunfilecheck.sty))

Package hyperref Warning: Option `hyperindex' has already been used,
(hyperref)                setting the option has no effect on input line 366.


Package hyperref Warning: Option `pagebackref' has already been used,
(hyperref)                setting the option has no effect on input line 366.

) (/usr/local/texlive/2016/texmf-dist/tex/latex/base/makeidx.sty)
(/usr/local/texlive/2016/texmf-dist/tex/latex/base/inputenc.sty
(/usr/local/texlive/2016/texmf-dist/tex/latex/base/utf8.def
(/usr/local/texlive/2016/texmf-dist/tex/latex/base/t1enc.dfu)
(/usr/local/texlive/2016/texmf-dist/tex/latex/base/ot1enc.dfu)
(/usr/local/texlive/2016/texmf-dist/tex/latex/base/omsenc.dfu)
(/usr/local/texlive/2016/texmf-dist/tex/latex/base/ts1enc.dfu)))
Writing index file Rd2.idx
No file Rd2.aux.
(/usr/local/texlive/2016/texmf-dist/tex/latex/base/ts1cmr.fd)
(/usr/local/texlive/2016/texmf-dist/tex/latex/psnfss/t1ptm.fd)
(/usr/local/texlive/2016/texmf-dist/tex/context/base/mkii/supp-pdf.mkii
[Loading MPS to PDF converter (version 2006.09.02).]
) (/usr/local/texlive/2016/texmf-dist/tex/latex/hyperref/nameref.sty
(/usr/local/texlive/2016/texmf-dist/tex/generic/oberdiek/gettitlestring.sty))
(/usr/local/texlive/2016/texmf-dist/tex/latex/base/utf8.def)
(/usr/local/texlive/2016/texmf-dist/tex/latex/inconsolata/t1zi4.fd)
(/usr/local/texlive/2016/texmf-dist/tex/latex/psnfss/t1phv.fd)
(/usr/local/texlive/2016/texmf-dist/tex/latex/base/utf8.def) [1{/usr/local/texl
ive/2016/texmf-var/fonts/map/pdftex/updmap/pdftex.map}]
Overfull \hbox (52.698pt too wide) in paragraph at lines 69--73
[]\T1/ptm/m/n/10 A 4-dimensional ar-ray in the style of an [][]ijtiff_img[][][]
 (in-dexed by \T1/zi4/m/n/10 img[y, x, channel, frame]\T1/ptm/m/n/10 )

Overfull \hbox (8.8383pt too wide) in paragraph at lines 74--76
[]\T1/ptm/m/n/10 A char-ac-ter. Which def-i-ni-tion of bright-ness do you want 
to use, \T1/zi4/m/n/10 "B" \T1/ptm/m/n/10 or \T1/zi4/m/n/10 "epsilon"\T1/ptm/m/
n/10 ? 

Overfull \hbox (28.97935pt too wide) in paragraph at lines 77--80
[]\T1/ptm/m/n/10 The thresh-old or thresh-old-ing method (see [][]\T1/zi4/m/n/1
0 autothresholdr::mean_stack_thresh()[][][]\T1/ptm/m/n/10 )
(/usr/local/texlive/2016/texmf-dist/tex/latex/inconsolata/ts1zi4.fd) [2]
(/usr/local/texlive/2016/texmf-dist/tex/latex/base/utf8.def)
Overfull \hbox (8.8383pt too wide) in paragraph at lines 158--160
[]\T1/ptm/m/n/10 A char-ac-ter. Which def-i-ni-tion of bright-ness do you want 
to use, \T1/zi4/m/n/10 "B" \T1/ptm/m/n/10 or \T1/zi4/m/n/10 "epsilon"\T1/ptm/m/
n/10 ? 

Overfull \hbox (28.97935pt too wide) in paragraph at lines 161--164
[]\T1/ptm/m/n/10 The thresh-old or thresh-old-ing method (see [][]\T1/zi4/m/n/1
0 autothresholdr::mean_stack_thresh()[][][]\T1/ptm/m/n/10 )
[3] (/usr/local/texlive/2016/texmf-dist/tex/latex/base/utf8.def)
Overfull \hbox (52.698pt too wide) in paragraph at lines 233--237
[]\T1/ptm/m/n/10 A 4-dimensional ar-ray in the style of an [][]ijtiff_img[][][]
 (in-dexed by \T1/zi4/m/n/10 img[y, x, channel, frame]\T1/ptm/m/n/10 )

Overfull \hbox (8.8383pt too wide) in paragraph at lines 238--240
[]\T1/ptm/m/n/10 A char-ac-ter. Which def-i-ni-tion of bright-ness do you want 
to use, \T1/zi4/m/n/10 "B" \T1/ptm/m/n/10 or \T1/zi4/m/n/10 "epsilon"\T1/ptm/m/
n/10 ? 

Overfull \hbox (28.97935pt too wide) in paragraph at lines 250--253
[]\T1/ptm/m/n/10 The thresh-old or thresh-old-ing method (see [][]\T1/zi4/m/n/1
0 autothresholdr::mean_stack_thresh()[][][]\T1/ptm/m/n/10 )
[4]
Overfull \hbox (5.63809pt too wide) in paragraph at lines 288--292
[]\T1/ptm/m/n/10 This may dis-card some im-ages, for ex-am-ple if 175 frames ar
e in the in-put and \T1/zi4/m/n/10 frames_per_set = 50\T1/ptm/m/n/10 ,
(/usr/local/texlive/2016/texmf-dist/tex/latex/psnfss/ts1ptm.fd)
Overfull \hbox (11.92784pt too wide) in paragraph at lines 298--300
[]\T1/ptm/m/n/10 If \T1/zi4/m/n/10 img \T1/ptm/m/n/10 is 3-dimensional (i.e. 1-
channel), a 3-dimensional ar-ray \T1/zi4/m/n/10 arr \T1/ptm/m/n/10 is re-turned
 with \T1/zi4/m/n/10 arr[y, x, t]

Overfull \hbox (25.92784pt too wide) in paragraph at lines 300--304
[]\T1/ptm/m/n/10 If \T1/zi4/m/n/10 img \T1/ptm/m/n/10 is 4-dimensional (i.e. 2-
channel), a 4-dimensional ar-ray \T1/zi4/m/n/10 arr \T1/ptm/m/n/10 is re-turned
 with \T1/zi4/m/n/10 arr[y, x, c, t]
(/usr/local/texlive/2016/texmf-dist/tex/latex/base/utf8.def) [5]
Overfull \hbox (8.8383pt too wide) in paragraph at lines 340--342
[]\T1/ptm/m/n/10 A char-ac-ter. Which def-i-ni-tion of bright-ness do you want 
to use, \T1/zi4/m/n/10 "B" \T1/ptm/m/n/10 or \T1/zi4/m/n/10 "epsilon"\T1/ptm/m/
n/10 ? 

Overfull \hbox (28.97935pt too wide) in paragraph at lines 352--355
[]\T1/ptm/m/n/10 The thresh-old or thresh-old-ing method (see [][]\T1/zi4/m/n/1
0 autothresholdr::mean_stack_thresh()[][][]\T1/ptm/m/n/10 )
[6] (/usr/local/texlive/2016/texmf-dist/tex/latex/base/utf8.def) [7]
(/usr/local/texlive/2016/texmf-dist/tex/latex/base/utf8.def)
Overfull \hbox (1.66772pt too wide) in paragraph at lines 490--492
[]\T1/ptm/m/n/10 The num-ber of frames used in the cal-cu-la-tion of each point
 in the cross-correlated
[8] (/usr/local/texlive/2016/texmf-dist/tex/latex/base/utf8.def)
Overfull \hbox (16.97885pt too wide) in paragraph at lines 585--592
\T1/ptm/m/n/10 the cross-correlated bright-ness im-age us-ing [][]\T1/zi4/m/n/1
0 smooth_filter()[][][] \T1/ptm/m/n/10 or [][]\T1/zi4/m/n/10 median_filter()[][
][]
[9] (/usr/local/texlive/2016/texmf-dist/tex/latex/base/utf8.def) [10]
Overfull \hbox (16.97885pt too wide) in paragraph at lines 658--665
\T1/ptm/m/n/10 the cross-correlated bright-ness im-age us-ing [][]\T1/zi4/m/n/1
0 smooth_filter()[][][] \T1/ptm/m/n/10 or [][]\T1/zi4/m/n/10 median_filter()[][
][]
(/usr/local/texlive/2016/texmf-dist/tex/latex/base/utf8.def) [11]
Overfull \hbox (16.97885pt too wide) in paragraph at lines 743--750
\T1/ptm/m/n/10 the cross-correlated bright-ness im-age us-ing [][]\T1/zi4/m/n/1
0 smooth_filter()[][][] \T1/ptm/m/n/10 or [][]\T1/zi4/m/n/10 median_filter()[][
][]
(/usr/local/texlive/2016/texmf-dist/tex/latex/base/utf8.def) [12]
Overfull \hbox (16.97885pt too wide) in paragraph at lines 831--838
\T1/ptm/m/n/10 the cross-correlated bright-ness im-age us-ing [][]\T1/zi4/m/n/1
0 smooth_filter()[][][] \T1/ptm/m/n/10 or [][]\T1/zi4/m/n/10 median_filter()[][
][]
[13] (/usr/local/texlive/2016/texmf-dist/tex/latex/base/utf8.def)
Overfull \hbox (0.59961pt too wide) in paragraph at lines 887--894
\T1/ptm/m/n/10 num-ber (via [][]\T1/zi4/m/n/10 autothresholdr::mean_stack_thres
h()[][][]\T1/ptm/m/n/10 )? If so, set your thresh-
[14]
Overfull \hbox (6.41917pt too wide) in paragraph at lines 904--911
\T1/ptm/m/n/10 the cross-correlated num-ber im-age us-ing [][]\T1/zi4/m/n/10 sm
ooth_filter()[][][] \T1/ptm/m/n/10 or [][]\T1/zi4/m/n/10 median_filter()[][][]
(/usr/local/texlive/2016/texmf-dist/tex/latex/base/utf8.def)
Overfull \hbox (0.59961pt too wide) in paragraph at lines 960--967
\T1/ptm/m/n/10 num-ber (via [][]\T1/zi4/m/n/10 autothresholdr::mean_stack_thres
h()[][][]\T1/ptm/m/n/10 )? If so, set your thresh-
[15]
Overfull \hbox (6.41917pt too wide) in paragraph at lines 977--984
\T1/ptm/m/n/10 the cross-correlated num-ber im-age us-ing [][]\T1/zi4/m/n/10 sm
ooth_filter()[][][] \T1/ptm/m/n/10 or [][]\T1/zi4/m/n/10 median_filter()[][][]
(/usr/local/texlive/2016/texmf-dist/tex/latex/base/utf8.def) [16]
Overfull \hbox (0.59961pt too wide) in paragraph at lines 1045--1052
\T1/ptm/m/n/10 num-ber (via [][]\T1/zi4/m/n/10 autothresholdr::mean_stack_thres
h()[][][]\T1/ptm/m/n/10 )? If so, set your thresh-

Overfull \hbox (6.41917pt too wide) in paragraph at lines 1062--1069
\T1/ptm/m/n/10 the cross-correlated num-ber im-age us-ing [][]\T1/zi4/m/n/10 sm
ooth_filter()[][][] \T1/ptm/m/n/10 or [][]\T1/zi4/m/n/10 median_filter()[][][]
[17] (/usr/local/texlive/2016/texmf-dist/tex/latex/base/utf8.def)
Overfull \hbox (0.59961pt too wide) in paragraph at lines 1134--1141
\T1/ptm/m/n/10 num-ber (via [][]\T1/zi4/m/n/10 autothresholdr::mean_stack_thres
h()[][][]\T1/ptm/m/n/10 )? If so, set your thresh-
[18]
Overfull \hbox (6.41917pt too wide) in paragraph at lines 1151--1158
\T1/ptm/m/n/10 the cross-correlated num-ber im-age us-ing [][]\T1/zi4/m/n/10 sm
ooth_filter()[][][] \T1/ptm/m/n/10 or [][]\T1/zi4/m/n/10 median_filter()[][][]
(/usr/local/texlive/2016/texmf-dist/tex/latex/base/utf8.def) [19]
(/usr/local/texlive/2016/texmf-dist/tex/latex/base/utf8.def)
(/usr/local/texlive/2016/texmf-dist/tex/latex/base/utf8.def) [20]
Overfull \hbox (94.99883pt too wide) in paragraph at lines 1282--1286
\T1/ptm/m/n/10 ex-am-ple, to set all val-ues out-side the range [1.5, 2.6) to \
T1/zi4/m/n/10 NA\T1/ptm/m/n/10 , use \T1/zi4/m/n/10 limits = c(1.5, 2.6), clip 
= FALSE\T1/ptm/m/n/10 .

Overfull \hbox (515.08891pt too wide) in paragraph at lines 1295--1296
[]\T1/ptm/m/n/10 1)\T1/zi4/m/n/10 . At most one of \T1/ptm/m/n/10 ranges\T1/zi4
/m/n/10 and\T1/ptm/m/n/10 limits\T1/zi4/m/n/10 should be set. If   ranges is se
t, the behaviour for values which are not in any of the ranges   are set by the
\T1/ptm/m/n/10 clip\T1/zi4/m/n/10 arguments as in the\T1/ptm/m/n/10 limits`
[21] (/usr/local/texlive/2016/texmf-dist/tex/latex/base/utf8.def) [22]
(/usr/local/texlive/2016/texmf-dist/tex/latex/base/utf8.def)
(/usr/local/texlive/2016/texmf-dist/tex/latex/base/utf8.def) [23]
(/usr/local/texlive/2016/texmf-dist/tex/latex/base/utf8.def) [24] [25]
(/usr/local/texlive/2016/texmf-dist/tex/latex/base/utf8.def)
Overfull \hbox (28.97935pt too wide) in paragraph at lines 1620--1624
[]\T1/ptm/m/n/10 The thresh-old or thresh-old-ing method (see [][]\T1/zi4/m/n/1
0 autothresholdr::mean_stack_thresh()[][][]\T1/ptm/m/n/10 )
[26] (/usr/local/texlive/2016/texmf-dist/tex/latex/base/utf8.def) [27]
Overfull \hbox (28.97935pt too wide) in paragraph at lines 1712--1716
[]\T1/ptm/m/n/10 The thresh-old or thresh-old-ing method (see [][]\T1/zi4/m/n/1
0 autothresholdr::mean_stack_thresh()[][][]\T1/ptm/m/n/10 )
(/usr/local/texlive/2016/texmf-dist/tex/latex/base/utf8.def) [28]
Overfull \hbox (28.97935pt too wide) in paragraph at lines 1813--1817
[]\T1/ptm/m/n/10 The thresh-old or thresh-old-ing method (see [][]\T1/zi4/m/n/1
0 autothresholdr::mean_stack_thresh()[][][]\T1/ptm/m/n/10 )
[29]
Overfull \hbox (5.63809pt too wide) in paragraph at lines 1858--1862
[]\T1/ptm/m/n/10 This may dis-card some im-ages, for ex-am-ple if 175 frames ar
e in the in-put and \T1/zi4/m/n/10 frames_per_set = 50\T1/ptm/m/n/10 ,
(/usr/local/texlive/2016/texmf-dist/tex/latex/base/utf8.def) [30]
Overfull \hbox (28.97935pt too wide) in paragraph at lines 1912--1916
[]\T1/ptm/m/n/10 The thresh-old or thresh-old-ing method (see [][]\T1/zi4/m/n/1
0 autothresholdr::mean_stack_thresh()[][][]\T1/ptm/m/n/10 )
[31]
No file Rd2.ind.
[32] (./Rd2.aux)

Package rerunfilecheck Warning: File `Rd2.out' has changed.
(rerunfilecheck)                Rerun to get outlines right
(rerunfilecheck)                or use package `bookmark'.

 )
(see the transcript file for additional information)pdfTeX warning (dest): name
{Rfn.ggplot2::geom.Rul.raster\(\)} has been referenced but does not exist, repl
aced by a fixed one

pdfTeX warning (dest): name{Rfn.viridis::viridis\(\)} has been referenced but d
oes not exist, replaced by a fixed one

pdfTeX warning (dest): name{Rfn.grDevices::rainbow\(\)} has been referenced but
 does not exist, replaced by a fixed one

pdfTeX warning (dest): name{Rfn.rgb} has been referenced but does not exist, re
placed by a fixed one

pdfTeX warning (dest): name{Rfn.colors} has been referenced but does not exist,
 replaced by a fixed one

pdfTeX warning (dest): name{Rfn.ggplot2::scale.Rul.fill.Rul.gradientn\(\)} has 
been referenced but does not exist, replaced by a fixed one

pdfTeX warning (dest): name{Rfn.ijtiff::ijtiff.Rul.img} has been referenced but
 does not exist, replaced by a fixed one

pdfTeX warning (dest): name{Rfn.autothresholdr::th} has been referenced but doe
s not exist, replaced by a fixed one

pdfTeX warning (dest): name{Rfn.detrendr::img.Rul.detrend.Rul.rh\(\)} has been 
referenced but does not exist, replaced by a fixed one

pdfTeX warning (dest): name{Rfn.autothresholdr::mean.Rul.stack.Rul.thresh\(\)} 
has been referenced but does not exist, replaced by a fixed one

pdfTeX warning (dest): name{Rfn.ijtiff.Rul.img} has been referenced but does no
t exist, replaced by a fixed one

{/usr/local/texlive/2016/texmf-dist/fonts/enc/dvips/inconsolata/i4-ts1.enc}{/us
r/local/texlive/2016/texmf-dist/fonts/enc/dvips/base/8r.enc}{/usr/local/texlive
/2016/texmf-dist/fonts/enc/dvips/inconsolata/i4-t1-0.enc}</usr/local/texlive/20
16/texmf-dist/fonts/type1/public/inconsolata/Inconsolata-zi4r.pfb></usr/local/t
exlive/2016/texmf-dist/fonts/type1/public/amsfonts/cm/cmmi10.pfb></usr/local/te
xlive/2016/texmf-dist/fonts/type1/public/amsfonts/cm/cmr10.pfb></usr/local/texl
ive/2016/texmf-dist/fonts/type1/urw/helvetic/uhvr8a.pfb></usr/local/texlive/201
6/texmf-dist/fonts/type1/urw/times/utmb8a.pfb></usr/local/texlive/2016/texmf-di
st/fonts/type1/urw/times/utmr8a.pfb></usr/local/texlive/2016/texmf-dist/fonts/t
ype1/urw/times/utmr8a.pfb></usr/local/texlive/2016/texmf-dist/fonts/type1/urw/t
imes/utmri8a.pfb>
Output written on Rd2.pdf (32 pages, 184495 bytes).
Transcript written on Rd2.log.
This is makeindex, version 2.15 [TeX Live 2016] (kpathsea + Thai support).
Scanning input file Rd2.idx....done (154 entries accepted, 0 rejected).
Sorting entries....done (1161 comparisons).
Generating output file Rd2.ind....done (156 lines written, 0 warnings).
Output written in Rd2.ind.
Transcript written in Rd2.ilg.
This is pdfTeX, Version 3.14159265-2.6-1.40.17 (TeX Live 2016) (preloaded format=pdflatex)
 restricted \write18 enabled.
entering extended mode
LaTeX2e <2016/03/31>
Babel <3.9r> and hyphenation patterns for 83 language(s) loaded.
(./Rd2.tex
(/usr/local/texlive/2016/texmf-dist/tex/latex/base/book.cls
Document Class: book 2014/09/29 v1.4h Standard LaTeX document class
(/usr/local/texlive/2016/texmf-dist/tex/latex/base/bk10.clo))
(/Library/Frameworks/R.framework/Resources/share/texmf/tex/latex/Rd.sty
(/usr/local/texlive/2016/texmf-dist/tex/latex/base/ifthen.sty)
(/usr/local/texlive/2016/texmf-dist/tex/latex/tools/longtable.sty)
(/usr/local/texlive/2016/texmf-dist/tex/latex/tools/bm.sty)
(/usr/local/texlive/2016/texmf-dist/tex/latex/base/alltt.sty)
(/usr/local/texlive/2016/texmf-dist/tex/latex/tools/verbatim.sty)
(/usr/local/texlive/2016/texmf-dist/tex/latex/url/url.sty)
(/usr/local/texlive/2016/texmf-dist/tex/latex/base/textcomp.sty
(/usr/local/texlive/2016/texmf-dist/tex/latex/base/ts1enc.def))
(/usr/local/texlive/2016/texmf-dist/tex/latex/base/fontenc.sty
(/usr/local/texlive/2016/texmf-dist/tex/latex/base/t1enc.def))
(/usr/local/texlive/2016/texmf-dist/tex/latex/psnfss/times.sty)
(/usr/local/texlive/2016/texmf-dist/tex/latex/inconsolata/zi4.sty
`inconsolata-zi4' v1.10, 2016/02/22 Text macros for Inconsolata (msharpe)
(/usr/local/texlive/2016/texmf-dist/tex/latex/graphics/keyval.sty))
(/usr/local/texlive/2016/texmf-dist/tex/latex/graphics/color.sty
(/usr/local/texlive/2016/texmf-dist/tex/latex/graphics-cfg/color.cfg)
(/usr/local/texlive/2016/texmf-dist/tex/latex/pdftex-def/pdftex.def
(/usr/local/texlive/2016/texmf-dist/tex/generic/oberdiek/infwarerr.sty)
(/usr/local/texlive/2016/texmf-dist/tex/generic/oberdiek/ltxcmds.sty)))
(/usr/local/texlive/2016/texmf-dist/tex/latex/hyperref/hyperref.sty
(/usr/local/texlive/2016/texmf-dist/tex/generic/oberdiek/hobsub-hyperref.sty
(/usr/local/texlive/2016/texmf-dist/tex/generic/oberdiek/hobsub-generic.sty))
(/usr/local/texlive/2016/texmf-dist/tex/generic/ifxetex/ifxetex.sty)
(/usr/local/texlive/2016/texmf-dist/tex/latex/oberdiek/auxhook.sty)
(/usr/local/texlive/2016/texmf-dist/tex/latex/oberdiek/kvoptions.sty)
(/usr/local/texlive/2016/texmf-dist/tex/latex/hyperref/pd1enc.def)
(/usr/local/texlive/2016/texmf-dist/tex/latex/latexconfig/hyperref.cfg))

Package hyperref Message: Driver (autodetected): hpdftex.

(/usr/local/texlive/2016/texmf-dist/tex/latex/hyperref/hpdftex.def
(/usr/local/texlive/2016/texmf-dist/tex/latex/oberdiek/rerunfilecheck.sty))

Package hyperref Warning: Option `hyperindex' has already been used,
(hyperref)                setting the option has no effect on input line 366.


Package hyperref Warning: Option `pagebackref' has already been used,
(hyperref)                setting the option has no effect on input line 366.

) (/usr/local/texlive/2016/texmf-dist/tex/latex/base/makeidx.sty)
(/usr/local/texlive/2016/texmf-dist/tex/latex/base/inputenc.sty
(/usr/local/texlive/2016/texmf-dist/tex/latex/base/utf8.def
(/usr/local/texlive/2016/texmf-dist/tex/latex/base/t1enc.dfu)
(/usr/local/texlive/2016/texmf-dist/tex/latex/base/ot1enc.dfu)
(/usr/local/texlive/2016/texmf-dist/tex/latex/base/omsenc.dfu)
(/usr/local/texlive/2016/texmf-dist/tex/latex/base/ts1enc.dfu)))
Writing index file Rd2.idx
(./Rd2.aux) (/usr/local/texlive/2016/texmf-dist/tex/latex/base/ts1cmr.fd)
(/usr/local/texlive/2016/texmf-dist/tex/latex/psnfss/t1ptm.fd)
(/usr/local/texlive/2016/texmf-dist/tex/context/base/mkii/supp-pdf.mkii
[Loading MPS to PDF converter (version 2006.09.02).]
) (/usr/local/texlive/2016/texmf-dist/tex/latex/hyperref/nameref.sty
(/usr/local/texlive/2016/texmf-dist/tex/generic/oberdiek/gettitlestring.sty))
(./Rd2.out) (./Rd2.out)
(/usr/local/texlive/2016/texmf-dist/tex/latex/base/utf8.def)
(/usr/local/texlive/2016/texmf-dist/tex/latex/inconsolata/t1zi4.fd)
(/usr/local/texlive/2016/texmf-dist/tex/latex/psnfss/t1phv.fd) (./Rd2.toc
[1{/usr/local/texlive/2016/texmf-var/fonts/map/pdftex/updmap/pdftex.map}])
(/usr/local/texlive/2016/texmf-dist/tex/latex/base/utf8.def)
Overfull \hbox (52.698pt too wide) in paragraph at lines 69--73
[]\T1/ptm/m/n/10 A 4-dimensional ar-ray in the style of an [][]ijtiff_img[][][]
 (in-dexed by \T1/zi4/m/n/10 img[y, x, channel, frame]\T1/ptm/m/n/10 )

Overfull \hbox (8.8383pt too wide) in paragraph at lines 74--76
[]\T1/ptm/m/n/10 A char-ac-ter. Which def-i-ni-tion of bright-ness do you want 
to use, \T1/zi4/m/n/10 "B" \T1/ptm/m/n/10 or \T1/zi4/m/n/10 "epsilon"\T1/ptm/m/
n/10 ? 

Overfull \hbox (28.97935pt too wide) in paragraph at lines 77--80
[]\T1/ptm/m/n/10 The thresh-old or thresh-old-ing method (see [][]\T1/zi4/m/n/1
0 autothresholdr::mean_stack_thresh()[][][]\T1/ptm/m/n/10 )
[2] (/usr/local/texlive/2016/texmf-dist/tex/latex/inconsolata/ts1zi4.fd)
(/usr/local/texlive/2016/texmf-dist/tex/latex/base/utf8.def) [3]
Overfull \hbox (8.8383pt too wide) in paragraph at lines 158--160
[]\T1/ptm/m/n/10 A char-ac-ter. Which def-i-ni-tion of bright-ness do you want 
to use, \T1/zi4/m/n/10 "B" \T1/ptm/m/n/10 or \T1/zi4/m/n/10 "epsilon"\T1/ptm/m/
n/10 ? 

Overfull \hbox (28.97935pt too wide) in paragraph at lines 161--164
[]\T1/ptm/m/n/10 The thresh-old or thresh-old-ing method (see [][]\T1/zi4/m/n/1
0 autothresholdr::mean_stack_thresh()[][][]\T1/ptm/m/n/10 )
(/usr/local/texlive/2016/texmf-dist/tex/latex/base/utf8.def) [4]
Overfull \hbox (52.698pt too wide) in paragraph at lines 233--237
[]\T1/ptm/m/n/10 A 4-dimensional ar-ray in the style of an [][]ijtiff_img[][][]
 (in-dexed by \T1/zi4/m/n/10 img[y, x, channel, frame]\T1/ptm/m/n/10 )

Overfull \hbox (8.8383pt too wide) in paragraph at lines 238--240
[]\T1/ptm/m/n/10 A char-ac-ter. Which def-i-ni-tion of bright-ness do you want 
to use, \T1/zi4/m/n/10 "B" \T1/ptm/m/n/10 or \T1/zi4/m/n/10 "epsilon"\T1/ptm/m/
n/10 ? 

Overfull \hbox (28.97935pt too wide) in paragraph at lines 250--253
[]\T1/ptm/m/n/10 The thresh-old or thresh-old-ing method (see [][]\T1/zi4/m/n/1
0 autothresholdr::mean_stack_thresh()[][][]\T1/ptm/m/n/10 )

Overfull \hbox (5.63809pt too wide) in paragraph at lines 288--292
[]\T1/ptm/m/n/10 This may dis-card some im-ages, for ex-am-ple if 175 frames ar
e in the in-put and \T1/zi4/m/n/10 frames_per_set = 50\T1/ptm/m/n/10 ,
[5] (/usr/local/texlive/2016/texmf-dist/tex/latex/psnfss/ts1ptm.fd)
Overfull \hbox (11.92784pt too wide) in paragraph at lines 298--300
[]\T1/ptm/m/n/10 If \T1/zi4/m/n/10 img \T1/ptm/m/n/10 is 3-dimensional (i.e. 1-
channel), a 3-dimensional ar-ray \T1/zi4/m/n/10 arr \T1/ptm/m/n/10 is re-turned
 with \T1/zi4/m/n/10 arr[y, x, t]

Overfull \hbox (25.92784pt too wide) in paragraph at lines 300--304
[]\T1/ptm/m/n/10 If \T1/zi4/m/n/10 img \T1/ptm/m/n/10 is 4-dimensional (i.e. 2-
channel), a 4-dimensional ar-ray \T1/zi4/m/n/10 arr \T1/ptm/m/n/10 is re-turned
 with \T1/zi4/m/n/10 arr[y, x, c, t]
(/usr/local/texlive/2016/texmf-dist/tex/latex/base/utf8.def)
Overfull \hbox (8.8383pt too wide) in paragraph at lines 340--342
[]\T1/ptm/m/n/10 A char-ac-ter. Which def-i-ni-tion of bright-ness do you want 
to use, \T1/zi4/m/n/10 "B" \T1/ptm/m/n/10 or \T1/zi4/m/n/10 "epsilon"\T1/ptm/m/
n/10 ? 

Overfull \hbox (28.97935pt too wide) in paragraph at lines 352--355
[]\T1/ptm/m/n/10 The thresh-old or thresh-old-ing method (see [][]\T1/zi4/m/n/1
0 autothresholdr::mean_stack_thresh()[][][]\T1/ptm/m/n/10 )
[6] (/usr/local/texlive/2016/texmf-dist/tex/latex/base/utf8.def) [7]
(/usr/local/texlive/2016/texmf-dist/tex/latex/base/utf8.def)
Overfull \hbox (1.66772pt too wide) in paragraph at lines 490--492
[]\T1/ptm/m/n/10 The num-ber of frames used in the cal-cu-la-tion of each point
 in the cross-correlated
[8] (/usr/local/texlive/2016/texmf-dist/tex/latex/base/utf8.def) [9]
Overfull \hbox (16.97885pt too wide) in paragraph at lines 585--592
\T1/ptm/m/n/10 the cross-correlated bright-ness im-age us-ing [][]\T1/zi4/m/n/1
0 smooth_filter()[][][] \T1/ptm/m/n/10 or [][]\T1/zi4/m/n/10 median_filter()[][
][]
[10] (/usr/local/texlive/2016/texmf-dist/tex/latex/base/utf8.def)
Overfull \hbox (16.97885pt too wide) in paragraph at lines 658--665
\T1/ptm/m/n/10 the cross-correlated bright-ness im-age us-ing [][]\T1/zi4/m/n/1
0 smooth_filter()[][][] \T1/ptm/m/n/10 or [][]\T1/zi4/m/n/10 median_filter()[][
][]
[11] (/usr/local/texlive/2016/texmf-dist/tex/latex/base/utf8.def) [12]
Overfull \hbox (16.97885pt too wide) in paragraph at lines 743--750
\T1/ptm/m/n/10 the cross-correlated bright-ness im-age us-ing [][]\T1/zi4/m/n/1
0 smooth_filter()[][][] \T1/ptm/m/n/10 or [][]\T1/zi4/m/n/10 median_filter()[][
][]
(/usr/local/texlive/2016/texmf-dist/tex/latex/base/utf8.def) [13]
Overfull \hbox (16.97885pt too wide) in paragraph at lines 831--838
\T1/ptm/m/n/10 the cross-correlated bright-ness im-age us-ing [][]\T1/zi4/m/n/1
0 smooth_filter()[][][] \T1/ptm/m/n/10 or [][]\T1/zi4/m/n/10 median_filter()[][
][]
[14] (/usr/local/texlive/2016/texmf-dist/tex/latex/base/utf8.def)
Overfull \hbox (0.59961pt too wide) in paragraph at lines 887--894
\T1/ptm/m/n/10 num-ber (via [][]\T1/zi4/m/n/10 autothresholdr::mean_stack_thres
h()[][][]\T1/ptm/m/n/10 )? If so, set your thresh-

Overfull \hbox (6.41917pt too wide) in paragraph at lines 904--911
\T1/ptm/m/n/10 the cross-correlated num-ber im-age us-ing [][]\T1/zi4/m/n/10 sm
ooth_filter()[][][] \T1/ptm/m/n/10 or [][]\T1/zi4/m/n/10 median_filter()[][][]
[15] (/usr/local/texlive/2016/texmf-dist/tex/latex/base/utf8.def)
Overfull \hbox (0.59961pt too wide) in paragraph at lines 960--967
\T1/ptm/m/n/10 num-ber (via [][]\T1/zi4/m/n/10 autothresholdr::mean_stack_thres
h()[][][]\T1/ptm/m/n/10 )? If so, set your thresh-
[16]
Overfull \hbox (6.41917pt too wide) in paragraph at lines 977--984
\T1/ptm/m/n/10 the cross-correlated num-ber im-age us-ing [][]\T1/zi4/m/n/10 sm
ooth_filter()[][][] \T1/ptm/m/n/10 or [][]\T1/zi4/m/n/10 median_filter()[][][]
(/usr/local/texlive/2016/texmf-dist/tex/latex/base/utf8.def) [17]
Overfull \hbox (0.59961pt too wide) in paragraph at lines 1045--1052
\T1/ptm/m/n/10 num-ber (via [][]\T1/zi4/m/n/10 autothresholdr::mean_stack_thres
h()[][][]\T1/ptm/m/n/10 )? If so, set your thresh-

Overfull \hbox (6.41917pt too wide) in paragraph at lines 1062--1069
\T1/ptm/m/n/10 the cross-correlated num-ber im-age us-ing [][]\T1/zi4/m/n/10 sm
ooth_filter()[][][] \T1/ptm/m/n/10 or [][]\T1/zi4/m/n/10 median_filter()[][][]
(/usr/local/texlive/2016/texmf-dist/tex/latex/base/utf8.def) [18]
Overfull \hbox (0.59961pt too wide) in paragraph at lines 1134--1141
\T1/ptm/m/n/10 num-ber (via [][]\T1/zi4/m/n/10 autothresholdr::mean_stack_thres
h()[][][]\T1/ptm/m/n/10 )? If so, set your thresh-

Overfull \hbox (6.41917pt too wide) in paragraph at lines 1151--1158
\T1/ptm/m/n/10 the cross-correlated num-ber im-age us-ing [][]\T1/zi4/m/n/10 sm
ooth_filter()[][][] \T1/ptm/m/n/10 or [][]\T1/zi4/m/n/10 median_filter()[][][]
[19] (/usr/local/texlive/2016/texmf-dist/tex/latex/base/utf8.def)
(/usr/local/texlive/2016/texmf-dist/tex/latex/base/utf8.def) [20]
(/usr/local/texlive/2016/texmf-dist/tex/latex/base/utf8.def)
Overfull \hbox (94.99883pt too wide) in paragraph at lines 1282--1286
\T1/ptm/m/n/10 ex-am-ple, to set all val-ues out-side the range [1.5, 2.6) to \
T1/zi4/m/n/10 NA\T1/ptm/m/n/10 , use \T1/zi4/m/n/10 limits = c(1.5, 2.6), clip 
= FALSE\T1/ptm/m/n/10 .
[21]
Overfull \hbox (515.08891pt too wide) in paragraph at lines 1295--1296
[]\T1/ptm/m/n/10 1)\T1/zi4/m/n/10 . At most one of \T1/ptm/m/n/10 ranges\T1/zi4
/m/n/10 and\T1/ptm/m/n/10 limits\T1/zi4/m/n/10 should be set. If   ranges is se
t, the behaviour for values which are not in any of the ranges   are set by the
\T1/ptm/m/n/10 clip\T1/zi4/m/n/10 arguments as in the\T1/ptm/m/n/10 limits`
[22] (/usr/local/texlive/2016/texmf-dist/tex/latex/base/utf8.def) [23]
(/usr/local/texlive/2016/texmf-dist/tex/latex/base/utf8.def)
(/usr/local/texlive/2016/texmf-dist/tex/latex/base/utf8.def) [24]
(/usr/local/texlive/2016/texmf-dist/tex/latex/base/utf8.def) [25]
(/usr/local/texlive/2016/texmf-dist/tex/latex/base/utf8.def) [26]
Overfull \hbox (28.97935pt too wide) in paragraph at lines 1620--1624
[]\T1/ptm/m/n/10 The thresh-old or thresh-old-ing method (see [][]\T1/zi4/m/n/1
0 autothresholdr::mean_stack_thresh()[][][]\T1/ptm/m/n/10 )
[27] (/usr/local/texlive/2016/texmf-dist/tex/latex/base/utf8.def)
Overfull \hbox (28.97935pt too wide) in paragraph at lines 1712--1716
[]\T1/ptm/m/n/10 The thresh-old or thresh-old-ing method (see [][]\T1/zi4/m/n/1
0 autothresholdr::mean_stack_thresh()[][][]\T1/ptm/m/n/10 )
[28] (/usr/local/texlive/2016/texmf-dist/tex/latex/base/utf8.def) [29]
Overfull \hbox (28.97935pt too wide) in paragraph at lines 1813--1817
[]\T1/ptm/m/n/10 The thresh-old or thresh-old-ing method (see [][]\T1/zi4/m/n/1
0 autothresholdr::mean_stack_thresh()[][][]\T1/ptm/m/n/10 )

Overfull \hbox (5.63809pt too wide) in paragraph at lines 1858--1862
[]\T1/ptm/m/n/10 This may dis-card some im-ages, for ex-am-ple if 175 frames ar
e in the in-put and \T1/zi4/m/n/10 frames_per_set = 50\T1/ptm/m/n/10 ,
[30] (/usr/local/texlive/2016/texmf-dist/tex/latex/base/utf8.def)
Overfull \hbox (28.97935pt too wide) in paragraph at lines 1912--1916
[]\T1/ptm/m/n/10 The thresh-old or thresh-old-ing method (see [][]\T1/zi4/m/n/1
0 autothresholdr::mean_stack_thresh()[][][]\T1/ptm/m/n/10 )
[31] (./Rd2.ind [32]

LaTeX Font Warning: Font shape `T1/zi4/m/it' undefined
(Font)              using `T1/zi4/m/n' instead on input line 22.

[33]) (./Rd2.aux)

Package rerunfilecheck Warning: File `Rd2.out' has changed.
(rerunfilecheck)                Rerun to get outlines right
(rerunfilecheck)                or use package `bookmark'.


LaTeX Font Warning: Some font shapes were not available, defaults substituted.

 )
(see the transcript file for additional information)pdfTeX warning (dest): name
{Rfn.ggplot2::geom.Rul.raster\(\)} has been referenced but does not exist, repl
aced by a fixed one

pdfTeX warning (dest): name{Rfn.viridis::viridis\(\)} has been referenced but d
oes not exist, replaced by a fixed one

pdfTeX warning (dest): name{Rfn.grDevices::rainbow\(\)} has been referenced but
 does not exist, replaced by a fixed one

pdfTeX warning (dest): name{Rfn.rgb} has been referenced but does not exist, re
placed by a fixed one

pdfTeX warning (dest): name{Rfn.colors} has been referenced but does not exist,
 replaced by a fixed one

pdfTeX warning (dest): name{Rfn.ggplot2::scale.Rul.fill.Rul.gradientn\(\)} has 
been referenced but does not exist, replaced by a fixed one

pdfTeX warning (dest): name{Rfn.ijtiff::ijtiff.Rul.img} has been referenced but
 does not exist, replaced by a fixed one

pdfTeX warning (dest): name{Rfn.autothresholdr::th} has been referenced but doe
s not exist, replaced by a fixed one

pdfTeX warning (dest): name{Rfn.detrendr::img.Rul.detrend.Rul.rh\(\)} has been 
referenced but does not exist, replaced by a fixed one

pdfTeX warning (dest): name{Rfn.autothresholdr::mean.Rul.stack.Rul.thresh\(\)} 
has been referenced but does not exist, replaced by a fixed one

pdfTeX warning (dest): name{Rfn.ijtiff.Rul.img} has been referenced but does no
t exist, replaced by a fixed one

{/usr/local/texlive/2016/texmf-dist/fonts/enc/dvips/inconsolata/i4-ts1.enc}{/us
r/local/texlive/2016/texmf-dist/fonts/enc/dvips/base/8r.enc}{/usr/local/texlive
/2016/texmf-dist/fonts/enc/dvips/inconsolata/i4-t1-0.enc}</usr/local/texlive/20
16/texmf-dist/fonts/type1/public/inconsolata/Inconsolata-zi4r.pfb></usr/local/t
exlive/2016/texmf-dist/fonts/type1/public/amsfonts/cm/cmmi10.pfb></usr/local/te
xlive/2016/texmf-dist/fonts/type1/public/amsfonts/cm/cmr10.pfb></usr/local/texl
ive/2016/texmf-dist/fonts/type1/urw/helvetic/uhvr8a.pfb></usr/local/texlive/201
6/texmf-dist/fonts/type1/urw/times/utmb8a.pfb></usr/local/texlive/2016/texmf-di
st/fonts/type1/urw/times/utmr8a.pfb></usr/local/texlive/2016/texmf-dist/fonts/t
ype1/urw/times/utmr8a.pfb></usr/local/texlive/2016/texmf-dist/fonts/type1/urw/t
imes/utmri8a.pfb>
Output written on Rd2.pdf (33 pages, 193789 bytes).
Transcript written on Rd2.log.
This is makeindex, version 2.15 [TeX Live 2016] (kpathsea + Thai support).
Scanning input file Rd2.idx....done (154 entries accepted, 0 rejected).
Sorting entries....done (1161 comparisons).
Generating output file Rd2.ind....done (155 lines written, 0 warnings).
Output written in Rd2.ind.
Transcript written in Rd2.ilg.
This is pdfTeX, Version 3.14159265-2.6-1.40.17 (TeX Live 2016) (preloaded format=pdflatex)
 restricted \write18 enabled.
entering extended mode
LaTeX2e <2016/03/31>
Babel <3.9r> and hyphenation patterns for 83 language(s) loaded.
(./Rd2.tex
(/usr/local/texlive/2016/texmf-dist/tex/latex/base/book.cls
Document Class: book 2014/09/29 v1.4h Standard LaTeX document class
(/usr/local/texlive/2016/texmf-dist/tex/latex/base/bk10.clo))
(/Library/Frameworks/R.framework/Resources/share/texmf/tex/latex/Rd.sty
(/usr/local/texlive/2016/texmf-dist/tex/latex/base/ifthen.sty)
(/usr/local/texlive/2016/texmf-dist/tex/latex/tools/longtable.sty)
(/usr/local/texlive/2016/texmf-dist/tex/latex/tools/bm.sty)
(/usr/local/texlive/2016/texmf-dist/tex/latex/base/alltt.sty)
(/usr/local/texlive/2016/texmf-dist/tex/latex/tools/verbatim.sty)
(/usr/local/texlive/2016/texmf-dist/tex/latex/url/url.sty)
(/usr/local/texlive/2016/texmf-dist/tex/latex/base/textcomp.sty
(/usr/local/texlive/2016/texmf-dist/tex/latex/base/ts1enc.def))
(/usr/local/texlive/2016/texmf-dist/tex/latex/base/fontenc.sty
(/usr/local/texlive/2016/texmf-dist/tex/latex/base/t1enc.def))
(/usr/local/texlive/2016/texmf-dist/tex/latex/psnfss/times.sty)
(/usr/local/texlive/2016/texmf-dist/tex/latex/inconsolata/zi4.sty
`inconsolata-zi4' v1.10, 2016/02/22 Text macros for Inconsolata (msharpe)
(/usr/local/texlive/2016/texmf-dist/tex/latex/graphics/keyval.sty))
(/usr/local/texlive/2016/texmf-dist/tex/latex/graphics/color.sty
(/usr/local/texlive/2016/texmf-dist/tex/latex/graphics-cfg/color.cfg)
(/usr/local/texlive/2016/texmf-dist/tex/latex/pdftex-def/pdftex.def
(/usr/local/texlive/2016/texmf-dist/tex/generic/oberdiek/infwarerr.sty)
(/usr/local/texlive/2016/texmf-dist/tex/generic/oberdiek/ltxcmds.sty)))
(/usr/local/texlive/2016/texmf-dist/tex/latex/hyperref/hyperref.sty
(/usr/local/texlive/2016/texmf-dist/tex/generic/oberdiek/hobsub-hyperref.sty
(/usr/local/texlive/2016/texmf-dist/tex/generic/oberdiek/hobsub-generic.sty))
(/usr/local/texlive/2016/texmf-dist/tex/generic/ifxetex/ifxetex.sty)
(/usr/local/texlive/2016/texmf-dist/tex/latex/oberdiek/auxhook.sty)
(/usr/local/texlive/2016/texmf-dist/tex/latex/oberdiek/kvoptions.sty)
(/usr/local/texlive/2016/texmf-dist/tex/latex/hyperref/pd1enc.def)
(/usr/local/texlive/2016/texmf-dist/tex/latex/latexconfig/hyperref.cfg))

Package hyperref Message: Driver (autodetected): hpdftex.

(/usr/local/texlive/2016/texmf-dist/tex/latex/hyperref/hpdftex.def
(/usr/local/texlive/2016/texmf-dist/tex/latex/oberdiek/rerunfilecheck.sty))

Package hyperref Warning: Option `hyperindex' has already been used,
(hyperref)                setting the option has no effect on input line 366.


Package hyperref Warning: Option `pagebackref' has already been used,
(hyperref)                setting the option has no effect on input line 366.

) (/usr/local/texlive/2016/texmf-dist/tex/latex/base/makeidx.sty)
(/usr/local/texlive/2016/texmf-dist/tex/latex/base/inputenc.sty
(/usr/local/texlive/2016/texmf-dist/tex/latex/base/utf8.def
(/usr/local/texlive/2016/texmf-dist/tex/latex/base/t1enc.dfu)
(/usr/local/texlive/2016/texmf-dist/tex/latex/base/ot1enc.dfu)
(/usr/local/texlive/2016/texmf-dist/tex/latex/base/omsenc.dfu)
(/usr/local/texlive/2016/texmf-dist/tex/latex/base/ts1enc.dfu)))
Writing index file Rd2.idx
(./Rd2.aux) (/usr/local/texlive/2016/texmf-dist/tex/latex/base/ts1cmr.fd)
(/usr/local/texlive/2016/texmf-dist/tex/latex/psnfss/t1ptm.fd)
(/usr/local/texlive/2016/texmf-dist/tex/context/base/mkii/supp-pdf.mkii
[Loading MPS to PDF converter (version 2006.09.02).]
) (/usr/local/texlive/2016/texmf-dist/tex/latex/hyperref/nameref.sty
(/usr/local/texlive/2016/texmf-dist/tex/generic/oberdiek/gettitlestring.sty))
(./Rd2.out) (./Rd2.out)
(/usr/local/texlive/2016/texmf-dist/tex/latex/base/utf8.def)
(/usr/local/texlive/2016/texmf-dist/tex/latex/inconsolata/t1zi4.fd)
(/usr/local/texlive/2016/texmf-dist/tex/latex/psnfss/t1phv.fd) (./Rd2.toc
[1{/usr/local/texlive/2016/texmf-var/fonts/map/pdftex/updmap/pdftex.map}])
(/usr/local/texlive/2016/texmf-dist/tex/latex/base/utf8.def)
Overfull \hbox (52.698pt too wide) in paragraph at lines 69--73
[]\T1/ptm/m/n/10 A 4-dimensional ar-ray in the style of an [][]ijtiff_img[][][]
 (in-dexed by \T1/zi4/m/n/10 img[y, x, channel, frame]\T1/ptm/m/n/10 )

Overfull \hbox (8.8383pt too wide) in paragraph at lines 74--76
[]\T1/ptm/m/n/10 A char-ac-ter. Which def-i-ni-tion of bright-ness do you want 
to use, \T1/zi4/m/n/10 "B" \T1/ptm/m/n/10 or \T1/zi4/m/n/10 "epsilon"\T1/ptm/m/
n/10 ? 

Overfull \hbox (28.97935pt too wide) in paragraph at lines 77--80
[]\T1/ptm/m/n/10 The thresh-old or thresh-old-ing method (see [][]\T1/zi4/m/n/1
0 autothresholdr::mean_stack_thresh()[][][]\T1/ptm/m/n/10 )
[2] (/usr/local/texlive/2016/texmf-dist/tex/latex/inconsolata/ts1zi4.fd)
(/usr/local/texlive/2016/texmf-dist/tex/latex/base/utf8.def) [3]
Overfull \hbox (8.8383pt too wide) in paragraph at lines 158--160
[]\T1/ptm/m/n/10 A char-ac-ter. Which def-i-ni-tion of bright-ness do you want 
to use, \T1/zi4/m/n/10 "B" \T1/ptm/m/n/10 or \T1/zi4/m/n/10 "epsilon"\T1/ptm/m/
n/10 ? 

Overfull \hbox (28.97935pt too wide) in paragraph at lines 161--164
[]\T1/ptm/m/n/10 The thresh-old or thresh-old-ing method (see [][]\T1/zi4/m/n/1
0 autothresholdr::mean_stack_thresh()[][][]\T1/ptm/m/n/10 )
(/usr/local/texlive/2016/texmf-dist/tex/latex/base/utf8.def) [4]
Overfull \hbox (52.698pt too wide) in paragraph at lines 233--237
[]\T1/ptm/m/n/10 A 4-dimensional ar-ray in the style of an [][]ijtiff_img[][][]
 (in-dexed by \T1/zi4/m/n/10 img[y, x, channel, frame]\T1/ptm/m/n/10 )

Overfull \hbox (8.8383pt too wide) in paragraph at lines 238--240
[]\T1/ptm/m/n/10 A char-ac-ter. Which def-i-ni-tion of bright-ness do you want 
to use, \T1/zi4/m/n/10 "B" \T1/ptm/m/n/10 or \T1/zi4/m/n/10 "epsilon"\T1/ptm/m/
n/10 ? 

Overfull \hbox (28.97935pt too wide) in paragraph at lines 250--253
[]\T1/ptm/m/n/10 The thresh-old or thresh-old-ing method (see [][]\T1/zi4/m/n/1
0 autothresholdr::mean_stack_thresh()[][][]\T1/ptm/m/n/10 )

Overfull \hbox (5.63809pt too wide) in paragraph at lines 288--292
[]\T1/ptm/m/n/10 This may dis-card some im-ages, for ex-am-ple if 175 frames ar
e in the in-put and \T1/zi4/m/n/10 frames_per_set = 50\T1/ptm/m/n/10 ,
[5] (/usr/local/texlive/2016/texmf-dist/tex/latex/psnfss/ts1ptm.fd)
Overfull \hbox (11.92784pt too wide) in paragraph at lines 298--300
[]\T1/ptm/m/n/10 If \T1/zi4/m/n/10 img \T1/ptm/m/n/10 is 3-dimensional (i.e. 1-
channel), a 3-dimensional ar-ray \T1/zi4/m/n/10 arr \T1/ptm/m/n/10 is re-turned
 with \T1/zi4/m/n/10 arr[y, x, t]

Overfull \hbox (25.92784pt too wide) in paragraph at lines 300--304
[]\T1/ptm/m/n/10 If \T1/zi4/m/n/10 img \T1/ptm/m/n/10 is 4-dimensional (i.e. 2-
channel), a 4-dimensional ar-ray \T1/zi4/m/n/10 arr \T1/ptm/m/n/10 is re-turned
 with \T1/zi4/m/n/10 arr[y, x, c, t]
(/usr/local/texlive/2016/texmf-dist/tex/latex/base/utf8.def)
Overfull \hbox (8.8383pt too wide) in paragraph at lines 340--342
[]\T1/ptm/m/n/10 A char-ac-ter. Which def-i-ni-tion of bright-ness do you want 
to use, \T1/zi4/m/n/10 "B" \T1/ptm/m/n/10 or \T1/zi4/m/n/10 "epsilon"\T1/ptm/m/
n/10 ? 

Overfull \hbox (28.97935pt too wide) in paragraph at lines 352--355
[]\T1/ptm/m/n/10 The thresh-old or thresh-old-ing method (see [][]\T1/zi4/m/n/1
0 autothresholdr::mean_stack_thresh()[][][]\T1/ptm/m/n/10 )
[6] (/usr/local/texlive/2016/texmf-dist/tex/latex/base/utf8.def) [7]
(/usr/local/texlive/2016/texmf-dist/tex/latex/base/utf8.def)
Overfull \hbox (1.66772pt too wide) in paragraph at lines 490--492
[]\T1/ptm/m/n/10 The num-ber of frames used in the cal-cu-la-tion of each point
 in the cross-correlated
[8] (/usr/local/texlive/2016/texmf-dist/tex/latex/base/utf8.def) [9]
Overfull \hbox (16.97885pt too wide) in paragraph at lines 585--592
\T1/ptm/m/n/10 the cross-correlated bright-ness im-age us-ing [][]\T1/zi4/m/n/1
0 smooth_filter()[][][] \T1/ptm/m/n/10 or [][]\T1/zi4/m/n/10 median_filter()[][
][]
[10] (/usr/local/texlive/2016/texmf-dist/tex/latex/base/utf8.def)
Overfull \hbox (16.97885pt too wide) in paragraph at lines 658--665
\T1/ptm/m/n/10 the cross-correlated bright-ness im-age us-ing [][]\T1/zi4/m/n/1
0 smooth_filter()[][][] \T1/ptm/m/n/10 or [][]\T1/zi4/m/n/10 median_filter()[][
][]
[11] (/usr/local/texlive/2016/texmf-dist/tex/latex/base/utf8.def) [12]
Overfull \hbox (16.97885pt too wide) in paragraph at lines 743--750
\T1/ptm/m/n/10 the cross-correlated bright-ness im-age us-ing [][]\T1/zi4/m/n/1
0 smooth_filter()[][][] \T1/ptm/m/n/10 or [][]\T1/zi4/m/n/10 median_filter()[][
][]
(/usr/local/texlive/2016/texmf-dist/tex/latex/base/utf8.def) [13]
Overfull \hbox (16.97885pt too wide) in paragraph at lines 831--838
\T1/ptm/m/n/10 the cross-correlated bright-ness im-age us-ing [][]\T1/zi4/m/n/1
0 smooth_filter()[][][] \T1/ptm/m/n/10 or [][]\T1/zi4/m/n/10 median_filter()[][
][]
[14] (/usr/local/texlive/2016/texmf-dist/tex/latex/base/utf8.def)
Overfull \hbox (0.59961pt too wide) in paragraph at lines 887--894
\T1/ptm/m/n/10 num-ber (via [][]\T1/zi4/m/n/10 autothresholdr::mean_stack_thres
h()[][][]\T1/ptm/m/n/10 )? If so, set your thresh-

Overfull \hbox (6.41917pt too wide) in paragraph at lines 904--911
\T1/ptm/m/n/10 the cross-correlated num-ber im-age us-ing [][]\T1/zi4/m/n/10 sm
ooth_filter()[][][] \T1/ptm/m/n/10 or [][]\T1/zi4/m/n/10 median_filter()[][][]
[15] (/usr/local/texlive/2016/texmf-dist/tex/latex/base/utf8.def)
Overfull \hbox (0.59961pt too wide) in paragraph at lines 960--967
\T1/ptm/m/n/10 num-ber (via [][]\T1/zi4/m/n/10 autothresholdr::mean_stack_thres
h()[][][]\T1/ptm/m/n/10 )? If so, set your thresh-
[16]
Overfull \hbox (6.41917pt too wide) in paragraph at lines 977--984
\T1/ptm/m/n/10 the cross-correlated num-ber im-age us-ing [][]\T1/zi4/m/n/10 sm
ooth_filter()[][][] \T1/ptm/m/n/10 or [][]\T1/zi4/m/n/10 median_filter()[][][]
(/usr/local/texlive/2016/texmf-dist/tex/latex/base/utf8.def) [17]
Overfull \hbox (0.59961pt too wide) in paragraph at lines 1045--1052
\T1/ptm/m/n/10 num-ber (via [][]\T1/zi4/m/n/10 autothresholdr::mean_stack_thres
h()[][][]\T1/ptm/m/n/10 )? If so, set your thresh-

Overfull \hbox (6.41917pt too wide) in paragraph at lines 1062--1069
\T1/ptm/m/n/10 the cross-correlated num-ber im-age us-ing [][]\T1/zi4/m/n/10 sm
ooth_filter()[][][] \T1/ptm/m/n/10 or [][]\T1/zi4/m/n/10 median_filter()[][][]
(/usr/local/texlive/2016/texmf-dist/tex/latex/base/utf8.def) [18]
Overfull \hbox (0.59961pt too wide) in paragraph at lines 1134--1141
\T1/ptm/m/n/10 num-ber (via [][]\T1/zi4/m/n/10 autothresholdr::mean_stack_thres
h()[][][]\T1/ptm/m/n/10 )? If so, set your thresh-

Overfull \hbox (6.41917pt too wide) in paragraph at lines 1151--1158
\T1/ptm/m/n/10 the cross-correlated num-ber im-age us-ing [][]\T1/zi4/m/n/10 sm
ooth_filter()[][][] \T1/ptm/m/n/10 or [][]\T1/zi4/m/n/10 median_filter()[][][]
[19] (/usr/local/texlive/2016/texmf-dist/tex/latex/base/utf8.def)
(/usr/local/texlive/2016/texmf-dist/tex/latex/base/utf8.def) [20]
(/usr/local/texlive/2016/texmf-dist/tex/latex/base/utf8.def)
Overfull \hbox (94.99883pt too wide) in paragraph at lines 1282--1286
\T1/ptm/m/n/10 ex-am-ple, to set all val-ues out-side the range [1.5, 2.6) to \
T1/zi4/m/n/10 NA\T1/ptm/m/n/10 , use \T1/zi4/m/n/10 limits = c(1.5, 2.6), clip 
= FALSE\T1/ptm/m/n/10 .
[21]
Overfull \hbox (515.08891pt too wide) in paragraph at lines 1295--1296
[]\T1/ptm/m/n/10 1)\T1/zi4/m/n/10 . At most one of \T1/ptm/m/n/10 ranges\T1/zi4
/m/n/10 and\T1/ptm/m/n/10 limits\T1/zi4/m/n/10 should be set. If   ranges is se
t, the behaviour for values which are not in any of the ranges   are set by the
\T1/ptm/m/n/10 clip\T1/zi4/m/n/10 arguments as in the\T1/ptm/m/n/10 limits`
[22] (/usr/local/texlive/2016/texmf-dist/tex/latex/base/utf8.def) [23]
(/usr/local/texlive/2016/texmf-dist/tex/latex/base/utf8.def)
(/usr/local/texlive/2016/texmf-dist/tex/latex/base/utf8.def) [24]
(/usr/local/texlive/2016/texmf-dist/tex/latex/base/utf8.def) [25]
(/usr/local/texlive/2016/texmf-dist/tex/latex/base/utf8.def) [26]
Overfull \hbox (28.97935pt too wide) in paragraph at lines 1620--1624
[]\T1/ptm/m/n/10 The thresh-old or thresh-old-ing method (see [][]\T1/zi4/m/n/1
0 autothresholdr::mean_stack_thresh()[][][]\T1/ptm/m/n/10 )
[27] (/usr/local/texlive/2016/texmf-dist/tex/latex/base/utf8.def)
Overfull \hbox (28.97935pt too wide) in paragraph at lines 1712--1716
[]\T1/ptm/m/n/10 The thresh-old or thresh-old-ing method (see [][]\T1/zi4/m/n/1
0 autothresholdr::mean_stack_thresh()[][][]\T1/ptm/m/n/10 )
[28] (/usr/local/texlive/2016/texmf-dist/tex/latex/base/utf8.def) [29]
Overfull \hbox (28.97935pt too wide) in paragraph at lines 1813--1817
[]\T1/ptm/m/n/10 The thresh-old or thresh-old-ing method (see [][]\T1/zi4/m/n/1
0 autothresholdr::mean_stack_thresh()[][][]\T1/ptm/m/n/10 )

Overfull \hbox (5.63809pt too wide) in paragraph at lines 1858--1862
[]\T1/ptm/m/n/10 This may dis-card some im-ages, for ex-am-ple if 175 frames ar
e in the in-put and \T1/zi4/m/n/10 frames_per_set = 50\T1/ptm/m/n/10 ,
[30] (/usr/local/texlive/2016/texmf-dist/tex/latex/base/utf8.def)
Overfull \hbox (28.97935pt too wide) in paragraph at lines 1912--1916
[]\T1/ptm/m/n/10 The thresh-old or thresh-old-ing method (see [][]\T1/zi4/m/n/1
0 autothresholdr::mean_stack_thresh()[][][]\T1/ptm/m/n/10 )
[31] (./Rd2.ind [32]

LaTeX Font Warning: Font shape `T1/zi4/m/it' undefined
(Font)              using `T1/zi4/m/n' instead on input line 22.

[33]) (./Rd2.aux)

LaTeX Font Warning: Some font shapes were not available, defaults substituted.

 )
(see the transcript file for additional information)pdfTeX warning (dest): name
{Rfn.ggplot2::geom.Rul.raster\(\)} has been referenced but does not exist, repl
aced by a fixed one

pdfTeX warning (dest): name{Rfn.viridis::viridis\(\)} has been referenced but d
oes not exist, replaced by a fixed one

pdfTeX warning (dest): name{Rfn.grDevices::rainbow\(\)} has been referenced but
 does not exist, replaced by a fixed one

pdfTeX warning (dest): name{Rfn.rgb} has been referenced but does not exist, re
placed by a fixed one

pdfTeX warning (dest): name{Rfn.colors} has been referenced but does not exist,
 replaced by a fixed one

pdfTeX warning (dest): name{Rfn.ggplot2::scale.Rul.fill.Rul.gradientn\(\)} has 
been referenced but does not exist, replaced by a fixed one

pdfTeX warning (dest): name{Rfn.ijtiff::ijtiff.Rul.img} has been referenced but
 does not exist, replaced by a fixed one

pdfTeX warning (dest): name{Rfn.autothresholdr::th} has been referenced but doe
s not exist, replaced by a fixed one

pdfTeX warning (dest): name{Rfn.detrendr::img.Rul.detrend.Rul.rh\(\)} has been 
referenced but does not exist, replaced by a fixed one

pdfTeX warning (dest): name{Rfn.autothresholdr::mean.Rul.stack.Rul.thresh\(\)} 
has been referenced but does not exist, replaced by a fixed one

pdfTeX warning (dest): name{Rfn.ijtiff.Rul.img} has been referenced but does no
t exist, replaced by a fixed one

{/usr/local/texlive/2016/texmf-dist/fonts/enc/dvips/inconsolata/i4-ts1.enc}{/us
r/local/texlive/2016/texmf-dist/fonts/enc/dvips/base/8r.enc}{/usr/local/texlive
/2016/texmf-dist/fonts/enc/dvips/inconsolata/i4-t1-0.enc}</usr/local/texlive/20
16/texmf-dist/fonts/type1/public/inconsolata/Inconsolata-zi4r.pfb></usr/local/t
exlive/2016/texmf-dist/fonts/type1/public/amsfonts/cm/cmmi10.pfb></usr/local/te
xlive/2016/texmf-dist/fonts/type1/public/amsfonts/cm/cmr10.pfb></usr/local/texl
ive/2016/texmf-dist/fonts/type1/urw/helvetic/uhvr8a.pfb></usr/local/texlive/201
6/texmf-dist/fonts/type1/urw/times/utmb8a.pfb></usr/local/texlive/2016/texmf-di
st/fonts/type1/urw/times/utmr8a.pfb></usr/local/texlive/2016/texmf-dist/fonts/t
ype1/urw/times/utmr8a.pfb></usr/local/texlive/2016/texmf-dist/fonts/type1/urw/t
imes/utmri8a.pfb>
Output written on Rd2.pdf (33 pages, 194435 bytes).
Transcript written on Rd2.log.
Saving output to ‘nandb-manual.pdf’ ...
Done
You may want to clean up by 'rm -Rf /var/folders/l_/2mwm03p55zg7zjykv084hhvr0000gn/T//RtmpSD5EzI/Rd2pdf7bad4bc1325e'
