* using log directory ‘/Users/rnolan/Dropbox/DPhil/Misc/RStuff/filesstrings/revdep/checks.noindex/nandb/new/nandb.Rcheck’
* using R version 3.5.1 (2018-07-02)
* using platform: x86_64-apple-darwin15.6.0 (64-bit)
* using session charset: UTF-8
* checking for file ‘nandb/DESCRIPTION’ ... OK
* checking extension type ... Package
* this is package ‘nandb’ version ‘1.0.1’
* checking package namespace information ... OK
* checking package dependencies ... OK
* checking if this is a source package ... OK
* checking if there is a namespace ... OK
* checking for executable files ... OK
* checking for hidden files and directories ... OK
* checking for portable file names ... OK
* checking for sufficient/correct file permissions ... OK
* checking whether package ‘nandb’ can be installed ... OK
* checking installed package size ... OK
* checking package directory ... OK
* checking ‘build’ directory ... OK
* checking DESCRIPTION meta-information ... OK
* checking top-level files ... OK
* checking for left-over files ... OK
* checking index information ... OK
* checking package subdirectories ... OK
* checking R files for non-ASCII characters ... OK
* checking R files for syntax errors ... OK
* checking whether the package can be loaded ... OK
* checking whether the package can be loaded with stated dependencies ... OK
* checking whether the package can be unloaded cleanly ... OK
* checking whether the namespace can be loaded with stated dependencies ... OK
* checking whether the namespace can be unloaded cleanly ... OK
* checking dependencies in R code ... OK
* checking S3 generic/method consistency ... OK
* checking replacement functions ... OK
* checking foreign function calls ... OK
* checking R code for possible problems ... OK
* checking Rd files ... OK
* checking Rd metadata ... OK
* checking Rd cross-references ... OK
* checking for missing documentation entries ... OK
* checking for code/documentation mismatches ... OK
* checking Rd \usage sections ... OK
* checking Rd contents ... OK
* checking for unstated dependencies in examples ... OK
* checking line endings in C/C++/Fortran sources/headers ... OK
* checking compiled code ... OK
* checking installed files from ‘inst/doc’ ... OK
* checking files in ‘vignettes’ ... OK
* checking examples ... OK
* checking for unstated dependencies in ‘tests’ ... OK
* checking tests ... ERROR
  Running ‘testthat.R’
Running the tests in ‘tests/testthat.R’ failed.
Last 13 lines of output:
         "_brightness_filt=NA,NA.tif")) at testthat/test-utils.R:65
  2: quasi_label(enquo(object), label)
  3: eval_bare(get_expr(quo), get_env(quo))
  4: deduplicate_cc_nb_filename(path)
  5: filesstrings::count_matches(path, thresh_pattern)
  6: .Defunct("stringr::str_count()", "filesstrings") at /Users/rnolan/Dropbox/DPhil/Misc/RStuff/filesstrings/R/filesstrings-defunct.R:19
  7: stop(paste(msg, collapse = ""), call. = FALSE, domain = NA)
  
  ══ testthat results  ══════════════════════════════════════════════════════════════════════
  OK: 96 SKIPPED: 0 FAILED: 2
  1. Error: deduplicate_nb_filename() works correctly (@test-utils.R#26) 
  2. Error: deduplicate_cc_nb_filename() works correctly (@test-utils.R#65) 
  
  Error: testthat unit tests failed
  Execution halted
* checking for unstated dependencies in vignettes ... OK
* checking package vignettes in ‘inst/doc’ ... OK
* checking running R code from vignettes ... NONE
* checking re-building of vignette outputs ... OK
* checking PDF version of manual ... OK
* DONE
Status: 1 ERROR
