* using log directory ‘/Users/rnolan/Dropbox/DPhil/Misc/RStuff/filesstrings/revdep/checks.noindex/detrendr/old/detrendr.Rcheck’
* using R version 3.5.3 (2019-03-11)
* using platform: x86_64-apple-darwin15.6.0 (64-bit)
* using session charset: UTF-8
* checking for file ‘detrendr/DESCRIPTION’ ... OK
* checking extension type ... Package
* this is package ‘detrendr’ version ‘0.6.1’
* package encoding: UTF-8
* checking package namespace information ... OK
* checking package dependencies ... OK
* checking if this is a source package ... OK
* checking if there is a namespace ... OK
* checking for executable files ... OK
* checking for hidden files and directories ... OK
* checking for portable file names ... OK
* checking for sufficient/correct file permissions ... OK
* checking whether package ‘detrendr’ can be installed ... OK
* checking installed package size ... OK
* checking package directory ... OK
* checking ‘build’ directory ... OK
* checking DESCRIPTION meta-information ... OK
* checking top-level files ... OK
* checking for left-over files ... OK
* checking index information ... OK
* checking package subdirectories ... OK
* checking R files for non-ASCII characters ... OK
* checking R files for syntax errors ... OK
* checking whether the package can be loaded ... OK
* checking whether the package can be loaded with stated dependencies ... OK
* checking whether the package can be unloaded cleanly ... OK
* checking whether the namespace can be loaded with stated dependencies ... OK
* checking whether the namespace can be unloaded cleanly ... OK
* checking dependencies in R code ... OK
* checking S3 generic/method consistency ... OK
* checking replacement functions ... OK
* checking foreign function calls ... OK
* checking R code for possible problems ... OK
* checking Rd files ... OK
* checking Rd metadata ... OK
* checking Rd cross-references ... OK
* checking for missing documentation entries ... OK
* checking for code/documentation mismatches ... OK
* checking Rd \usage sections ... OK
* checking Rd contents ... OK
* checking for unstated dependencies in examples ... OK
* checking line endings in C/C++/Fortran sources/headers ... OK
* checking line endings in Makefiles ... OK
* checking compilation flags in Makevars ... OK
* checking for GNU extensions in Makefiles ... NOTE
GNU make is a SystemRequirements.
* checking for portable use of $(BLAS_LIBS) and $(LAPACK_LIBS) ... OK
* checking compiled code ... OK
* checking installed files from ‘inst/doc’ ... OK
* checking files in ‘vignettes’ ... OK
* checking examples ... OK
* checking for unstated dependencies in ‘tests’ ... OK
* checking tests ... ERROR
  Running ‘spelling.R’
  Comparing ‘spelling.Rout’ to ‘spelling.Rout.save’ ... OK
  Running ‘testthat.R’
Running the tests in ‘tests/testthat.R’ failed.
Last 13 lines of output:
  ══ testthat results  ═══════════════════════════════════════════════════════════════════════════════════════
  OK: 46 SKIPPED: 0 WARNINGS: 1 FAILED: 14
  1. Error: best_tau works (@test-best_params.R#5) 
  2. Error: best_l works (@test-best_params.R#41) 
  3. Error: best_degree works (@test-best_params.R#82) 
  4. Error: best_swaps() works (@test-best_params.R#114) 
  5. Error: detrending works (@test-detrend.R#3) 
  6. Error: detrending errors correctly (@test-detrend.R#170) 
  7. Error: detrending entire derectories works (@test-dir_detrend.R#11) 
  8. Error: file_detrend() deals with other directories correctly (@test-dir_detrend.R#176) 
  9. Error: sum_pillars() and mean_pillars() work (@test-utils.R#20) 
  1. ...
  
  Error: testthat unit tests failed
  Execution halted
* checking for unstated dependencies in vignettes ... OK
* checking package vignettes in ‘inst/doc’ ... OK
* checking running R code from vignettes ... NONE
* checking re-building of vignette outputs ... WARNING
Error in re-building vignettes:
  ...
Quitting from lines 34-37 (single-images.Rmd) 
Error: processing vignette 'single-images.Rmd' failed with diagnostics:
could not find function "intmat_list_bind_nth_rows"
Execution halted

* checking PDF version of manual ... OK
* DONE
Status: 1 ERROR, 1 WARNING, 1 NOTE
