* installing *source* package ‘detrendr’ ...
** package ‘detrendr’ successfully unpacked and MD5 sums checked
** using staged installation
** libs
clang++ -std=gnu++11 -I"/Library/Frameworks/R.framework/Resources/include" -DNDEBUG  -I"/Users/rnolan/Dropbox/DPhil/Misc/RStuff/filesstrings/revdep/library.noindex/detrendr/Rcpp/include" -I"/Users/rnolan/Dropbox/DPhil/Misc/RStuff/filesstrings/revdep/library.noindex/detrendr/RcppParallel/include" -isysroot /Library/Developer/CommandLineTools/SDKs/MacOSX.sdk -I/usr/local/include  -fPIC  -Wall -g -O2  -c RcppExports.cpp -o RcppExports.o
clang++ -std=gnu++11 -I"/Library/Frameworks/R.framework/Resources/include" -DNDEBUG  -I"/Users/rnolan/Dropbox/DPhil/Misc/RStuff/filesstrings/revdep/library.noindex/detrendr/Rcpp/include" -I"/Users/rnolan/Dropbox/DPhil/Misc/RStuff/filesstrings/revdep/library.noindex/detrendr/RcppParallel/include" -isysroot /Library/Developer/CommandLineTools/SDKs/MacOSX.sdk -I/usr/local/include  -fPIC  -Wall -g -O2  -c anyNA.cpp -o anyNA.o
clang++ -std=gnu++11 -I"/Library/Frameworks/R.framework/Resources/include" -DNDEBUG  -I"/Users/rnolan/Dropbox/DPhil/Misc/RStuff/filesstrings/revdep/library.noindex/detrendr/Rcpp/include" -I"/Users/rnolan/Dropbox/DPhil/Misc/RStuff/filesstrings/revdep/library.noindex/detrendr/RcppParallel/include" -isysroot /Library/Developer/CommandLineTools/SDKs/MacOSX.sdk -I/usr/local/include  -fPIC  -Wall -g -O2  -c col_stats_parallel.cpp -o col_stats_parallel.o
clang++ -std=gnu++11 -I"/Library/Frameworks/R.framework/Resources/include" -DNDEBUG  -I"/Users/rnolan/Dropbox/DPhil/Misc/RStuff/filesstrings/revdep/library.noindex/detrendr/Rcpp/include" -I"/Users/rnolan/Dropbox/DPhil/Misc/RStuff/filesstrings/revdep/library.noindex/detrendr/RcppParallel/include" -isysroot /Library/Developer/CommandLineTools/SDKs/MacOSX.sdk -I/usr/local/include  -fPIC  -Wall -g -O2  -c frame_utils.cpp -o frame_utils.o
clang++ -std=gnu++11 -I"/Library/Frameworks/R.framework/Resources/include" -DNDEBUG  -I"/Users/rnolan/Dropbox/DPhil/Misc/RStuff/filesstrings/revdep/library.noindex/detrendr/Rcpp/include" -I"/Users/rnolan/Dropbox/DPhil/Misc/RStuff/filesstrings/revdep/library.noindex/detrendr/RcppParallel/include" -isysroot /Library/Developer/CommandLineTools/SDKs/MacOSX.sdk -I/usr/local/include  -fPIC  -Wall -g -O2  -c pillar_stats.cpp -o pillar_stats.o
clang++ -std=gnu++11 -I"/Library/Frameworks/R.framework/Resources/include" -DNDEBUG  -I"/Users/rnolan/Dropbox/DPhil/Misc/RStuff/filesstrings/revdep/library.noindex/detrendr/Rcpp/include" -I"/Users/rnolan/Dropbox/DPhil/Misc/RStuff/filesstrings/revdep/library.noindex/detrendr/RcppParallel/include" -isysroot /Library/Developer/CommandLineTools/SDKs/MacOSX.sdk -I/usr/local/include  -fPIC  -Wall -g -O2  -c pillar_stats_parallel.cpp -o pillar_stats_parallel.o
clang++ -std=gnu++11 -I"/Library/Frameworks/R.framework/Resources/include" -DNDEBUG  -I"/Users/rnolan/Dropbox/DPhil/Misc/RStuff/filesstrings/revdep/library.noindex/detrendr/Rcpp/include" -I"/Users/rnolan/Dropbox/DPhil/Misc/RStuff/filesstrings/revdep/library.noindex/detrendr/RcppParallel/include" -isysroot /Library/Developer/CommandLineTools/SDKs/MacOSX.sdk -I/usr/local/include  -fPIC  -Wall -g -O2  -c pillar_utils_parallel.cpp -o pillar_utils_parallel.o
clang++ -std=gnu++11 -I"/Library/Frameworks/R.framework/Resources/include" -DNDEBUG  -I"/Users/rnolan/Dropbox/DPhil/Misc/RStuff/filesstrings/revdep/library.noindex/detrendr/Rcpp/include" -I"/Users/rnolan/Dropbox/DPhil/Misc/RStuff/filesstrings/revdep/library.noindex/detrendr/RcppParallel/include" -isysroot /Library/Developer/CommandLineTools/SDKs/MacOSX.sdk -I/usr/local/include  -fPIC  -Wall -g -O2  -c rbernoulli_parallel.cpp -o rbernoulli_parallel.o
clang++ -std=gnu++11 -I"/Library/Frameworks/R.framework/Resources/include" -DNDEBUG  -I"/Users/rnolan/Dropbox/DPhil/Misc/RStuff/filesstrings/revdep/library.noindex/detrendr/Rcpp/include" -I"/Users/rnolan/Dropbox/DPhil/Misc/RStuff/filesstrings/revdep/library.noindex/detrendr/RcppParallel/include" -isysroot /Library/Developer/CommandLineTools/SDKs/MacOSX.sdk -I/usr/local/include  -fPIC  -Wall -g -O2  -c rboxes.cpp -o rboxes.o
clang++ -std=gnu++11 -I"/Library/Frameworks/R.framework/Resources/include" -DNDEBUG  -I"/Users/rnolan/Dropbox/DPhil/Misc/RStuff/filesstrings/revdep/library.noindex/detrendr/Rcpp/include" -I"/Users/rnolan/Dropbox/DPhil/Misc/RStuff/filesstrings/revdep/library.noindex/detrendr/RcppParallel/include" -isysroot /Library/Developer/CommandLineTools/SDKs/MacOSX.sdk -I/usr/local/include  -fPIC  -Wall -g -O2  -c row_stats_parallel.cpp -o row_stats_parallel.o
clang++ -std=gnu++11 -I"/Library/Frameworks/R.framework/Resources/include" -DNDEBUG  -I"/Users/rnolan/Dropbox/DPhil/Misc/RStuff/filesstrings/revdep/library.noindex/detrendr/Rcpp/include" -I"/Users/rnolan/Dropbox/DPhil/Misc/RStuff/filesstrings/revdep/library.noindex/detrendr/RcppParallel/include" -isysroot /Library/Developer/CommandLineTools/SDKs/MacOSX.sdk -I/usr/local/include  -fPIC  -Wall -g -O2  -c rpois_parallel.cc -o rpois_parallel.o
clang++ -std=gnu++11 -I"/Library/Frameworks/R.framework/Resources/include" -DNDEBUG  -I"/Users/rnolan/Dropbox/DPhil/Misc/RStuff/filesstrings/revdep/library.noindex/detrendr/Rcpp/include" -I"/Users/rnolan/Dropbox/DPhil/Misc/RStuff/filesstrings/revdep/library.noindex/detrendr/RcppParallel/include" -isysroot /Library/Developer/CommandLineTools/SDKs/MacOSX.sdk -I/usr/local/include  -fPIC  -Wall -g -O2  -c smooth.cc -o smooth.o
clang++ -std=gnu++11 -I"/Library/Frameworks/R.framework/Resources/include" -DNDEBUG  -I"/Users/rnolan/Dropbox/DPhil/Misc/RStuff/filesstrings/revdep/library.noindex/detrendr/Rcpp/include" -I"/Users/rnolan/Dropbox/DPhil/Misc/RStuff/filesstrings/revdep/library.noindex/detrendr/RcppParallel/include" -isysroot /Library/Developer/CommandLineTools/SDKs/MacOSX.sdk -I/usr/local/include  -fPIC  -Wall -g -O2  -c smooth_parallel.cc -o smooth_parallel.o
clang++ -std=gnu++11 -I"/Library/Frameworks/R.framework/Resources/include" -DNDEBUG  -I"/Users/rnolan/Dropbox/DPhil/Misc/RStuff/filesstrings/revdep/library.noindex/detrendr/Rcpp/include" -I"/Users/rnolan/Dropbox/DPhil/Misc/RStuff/filesstrings/revdep/library.noindex/detrendr/RcppParallel/include" -isysroot /Library/Developer/CommandLineTools/SDKs/MacOSX.sdk -I/usr/local/include  -fPIC  -Wall -g -O2  -c stats_parallel.cc -o stats_parallel.o
clang++ -std=gnu++11 -I"/Library/Frameworks/R.framework/Resources/include" -DNDEBUG  -I"/Users/rnolan/Dropbox/DPhil/Misc/RStuff/filesstrings/revdep/library.noindex/detrendr/Rcpp/include" -I"/Users/rnolan/Dropbox/DPhil/Misc/RStuff/filesstrings/revdep/library.noindex/detrendr/RcppParallel/include" -isysroot /Library/Developer/CommandLineTools/SDKs/MacOSX.sdk -I/usr/local/include  -fPIC  -Wall -g -O2  -c utils.cpp -o utils.o
clang++ -std=gnu++11 -dynamiclib -Wl,-headerpad_max_install_names -undefined dynamic_lookup -single_module -multiply_defined suppress -L/Library/Frameworks/R.framework/Resources/lib -L/usr/local/lib -o detrendr.so RcppExports.o anyNA.o col_stats_parallel.o frame_utils.o pillar_stats.o pillar_stats_parallel.o pillar_utils_parallel.o rbernoulli_parallel.o rboxes.o row_stats_parallel.o rpois_parallel.o smooth.o smooth_parallel.o stats_parallel.o utils.o -F/Library/Frameworks/R.framework/.. -framework R -Wl,-framework -Wl,CoreFoundation
ld: warning: object file (RcppExports.o) was built for newer OSX version (10.14) than being linked (10.13)
ld: warning: object file (anyNA.o) was built for newer OSX version (10.14) than being linked (10.13)
ld: warning: object file (col_stats_parallel.o) was built for newer OSX version (10.14) than being linked (10.13)
ld: warning: object file (frame_utils.o) was built for newer OSX version (10.14) than being linked (10.13)
ld: warning: object file (pillar_stats.o) was built for newer OSX version (10.14) than being linked (10.13)
ld: warning: object file (pillar_stats_parallel.o) was built for newer OSX version (10.14) than being linked (10.13)
ld: warning: object file (pillar_utils_parallel.o) was built for newer OSX version (10.14) than being linked (10.13)
ld: warning: object file (rboxes.o) was built for newer OSX version (10.14) than being linked (10.13)
ld: warning: object file (rbernoulli_parallel.o) was built for newer OSX version (10.14) than being linked (10.13)
ld: warning: object file (row_stats_parallel.o) was built for newer OSX version (10.14) than being linked (10.13)
ld: warning: object file (smooth.o) was built for newer OSX version (10.14) than being linked (10.13)
ld: warning: object file (rpois_parallel.o) was built for newer OSX version (10.14) than being linked (10.13)
ld: warning: object file (smooth_parallel.o) was built for newer OSX version (10.14) than being linked (10.13)
ld: warning: object file (utils.o) was built for newer OSX version (10.14) than being linked (10.13)
ld: warning: object file (stats_parallel.o) was built for newer OSX version (10.14) than being linked (10.13)
installing to /Users/rnolan/Dropbox/DPhil/Misc/RStuff/filesstrings/revdep/checks.noindex/detrendr/old/detrendr.Rcheck/00LOCK-detrendr/00new/detrendr/libs
** R
** inst
** byte-compile and prepare package for lazy loading
** help
*** installing help indices
*** copying figures
** building package indices
** installing vignettes
** testing if installed package can be loaded from temporary location
** checking absolute paths in shared objects and dynamic libraries
** testing if installed package can be loaded from final location
** testing if installed package keeps a record of temporary installation path
* DONE (detrendr)
