Hmm ... looks like a package

This is pdfTeX, Version 3.14159265-2.6-1.40.17 (TeX Live 2016) (preloaded format=pdflatex)
 restricted \write18 enabled.
entering extended mode
LaTeX2e <2016/03/31>
Babel <3.9r> and hyphenation patterns for 83 language(s) loaded.
(./Rd2.tex
(/usr/local/texlive/2016/texmf-dist/tex/latex/base/book.cls
Document Class: book 2014/09/29 v1.4h Standard LaTeX document class
(/usr/local/texlive/2016/texmf-dist/tex/latex/base/bk10.clo))
(/Library/Frameworks/R.framework/Resources/share/texmf/tex/latex/Rd.sty
(/usr/local/texlive/2016/texmf-dist/tex/latex/base/ifthen.sty)
(/usr/local/texlive/2016/texmf-dist/tex/latex/tools/longtable.sty)
(/usr/local/texlive/2016/texmf-dist/tex/latex/tools/bm.sty)
(/usr/local/texlive/2016/texmf-dist/tex/latex/base/alltt.sty)
(/usr/local/texlive/2016/texmf-dist/tex/latex/tools/verbatim.sty)
(/usr/local/texlive/2016/texmf-dist/tex/latex/url/url.sty)
(/usr/local/texlive/2016/texmf-dist/tex/latex/base/textcomp.sty
(/usr/local/texlive/2016/texmf-dist/tex/latex/base/ts1enc.def))
(/usr/local/texlive/2016/texmf-dist/tex/latex/base/fontenc.sty
(/usr/local/texlive/2016/texmf-dist/tex/latex/base/t1enc.def))
(/usr/local/texlive/2016/texmf-dist/tex/latex/psnfss/times.sty)
(/usr/local/texlive/2016/texmf-dist/tex/latex/inconsolata/zi4.sty
`inconsolata-zi4' v1.10, 2016/02/22 Text macros for Inconsolata (msharpe)
(/usr/local/texlive/2016/texmf-dist/tex/latex/graphics/keyval.sty))
(/usr/local/texlive/2016/texmf-dist/tex/latex/graphics/color.sty
(/usr/local/texlive/2016/texmf-dist/tex/latex/graphics-cfg/color.cfg)
(/usr/local/texlive/2016/texmf-dist/tex/latex/pdftex-def/pdftex.def
(/usr/local/texlive/2016/texmf-dist/tex/generic/oberdiek/infwarerr.sty)
(/usr/local/texlive/2016/texmf-dist/tex/generic/oberdiek/ltxcmds.sty)))
(/usr/local/texlive/2016/texmf-dist/tex/latex/hyperref/hyperref.sty
(/usr/local/texlive/2016/texmf-dist/tex/generic/oberdiek/hobsub-hyperref.sty
(/usr/local/texlive/2016/texmf-dist/tex/generic/oberdiek/hobsub-generic.sty))
(/usr/local/texlive/2016/texmf-dist/tex/generic/ifxetex/ifxetex.sty)
(/usr/local/texlive/2016/texmf-dist/tex/latex/oberdiek/auxhook.sty)
(/usr/local/texlive/2016/texmf-dist/tex/latex/oberdiek/kvoptions.sty)
(/usr/local/texlive/2016/texmf-dist/tex/latex/hyperref/pd1enc.def)
(/usr/local/texlive/2016/texmf-dist/tex/latex/latexconfig/hyperref.cfg))

Package hyperref Message: Driver (autodetected): hpdftex.

(/usr/local/texlive/2016/texmf-dist/tex/latex/hyperref/hpdftex.def
(/usr/local/texlive/2016/texmf-dist/tex/latex/oberdiek/rerunfilecheck.sty))

Package hyperref Warning: Option `hyperindex' has already been used,
(hyperref)                setting the option has no effect on input line 366.


Package hyperref Warning: Option `pagebackref' has already been used,
(hyperref)                setting the option has no effect on input line 366.

) (/usr/local/texlive/2016/texmf-dist/tex/latex/base/makeidx.sty)
(/usr/local/texlive/2016/texmf-dist/tex/latex/base/inputenc.sty
(/usr/local/texlive/2016/texmf-dist/tex/latex/base/utf8.def
(/usr/local/texlive/2016/texmf-dist/tex/latex/base/t1enc.dfu)
(/usr/local/texlive/2016/texmf-dist/tex/latex/base/ot1enc.dfu)
(/usr/local/texlive/2016/texmf-dist/tex/latex/base/omsenc.dfu)
(/usr/local/texlive/2016/texmf-dist/tex/latex/base/ts1enc.dfu)))
Writing index file Rd2.idx
No file Rd2.aux.
(/usr/local/texlive/2016/texmf-dist/tex/latex/base/ts1cmr.fd)
(/usr/local/texlive/2016/texmf-dist/tex/latex/psnfss/t1ptm.fd)
(/usr/local/texlive/2016/texmf-dist/tex/context/base/mkii/supp-pdf.mkii
[Loading MPS to PDF converter (version 2006.09.02).]
) (/usr/local/texlive/2016/texmf-dist/tex/latex/hyperref/nameref.sty
(/usr/local/texlive/2016/texmf-dist/tex/generic/oberdiek/gettitlestring.sty))
(/usr/local/texlive/2016/texmf-dist/tex/latex/base/utf8.def)
(/usr/local/texlive/2016/texmf-dist/tex/latex/inconsolata/t1zi4.fd)
(/usr/local/texlive/2016/texmf-dist/tex/latex/psnfss/ts1ptm.fd)
(/usr/local/texlive/2016/texmf-dist/tex/latex/psnfss/t1phv.fd)
(/usr/local/texlive/2016/texmf-dist/tex/latex/base/utf8.def) [1{/usr/local/texl
ive/2016/texmf-var/fonts/map/pdftex/updmap/pdftex.map}]
(/usr/local/texlive/2016/texmf-dist/tex/latex/base/utf8.def)
Overfull \hbox (52.698pt too wide) in paragraph at lines 92--96
[]\T1/ptm/m/n/10 A 4-dimensional ar-ray in the style of an [][]ijtiff_img[][][]
 (in-dexed by \T1/zi4/m/n/10 img[y, x, channel, frame]\T1/ptm/m/n/10 )
[2]
Overfull \hbox (34.2263pt too wide) in paragraph at lines 122--127
\T1/ptm/m/n/10 with a novel au-to-matic de-trend-ing al-go-rithm, Bioin-for-mat
-ics, https://doi.org/10.1093/bioinformatics/btx434. 
(/usr/local/texlive/2016/texmf-dist/tex/latex/inconsolata/ts1zi4.fd)
(/usr/local/texlive/2016/texmf-dist/tex/latex/base/utf8.def)
Overfull \hbox (52.698pt too wide) in paragraph at lines 157--161
[]\T1/ptm/m/n/10 A 4-dimensional ar-ray in the style of an [][]ijtiff_img[][][]
 (in-dexed by \T1/zi4/m/n/10 img[y, x, channel, frame]\T1/ptm/m/n/10 )
[3]
Overfull \hbox (34.2263pt too wide) in paragraph at lines 186--191
\T1/ptm/m/n/10 with a novel au-to-matic de-trend-ing al-go-rithm, Bioin-for-mat
-ics, https://doi.org/10.1093/bioinformatics/btx434. 
(/usr/local/texlive/2016/texmf-dist/tex/latex/base/utf8.def)
Overfull \hbox (52.698pt too wide) in paragraph at lines 222--226
[]\T1/ptm/m/n/10 A 4-dimensional ar-ray in the style of an [][]ijtiff_img[][][]
 (in-dexed by \T1/zi4/m/n/10 img[y, x, channel, frame]\T1/ptm/m/n/10 )
(/usr/local/texlive/2016/texmf-dist/tex/latex/base/utf8.def) [4]
Overfull \hbox (52.698pt too wide) in paragraph at lines 263--267
[]\T1/ptm/m/n/10 A 4-dimensional ar-ray in the style of an [][]ijtiff_img[][][]
 (in-dexed by \T1/zi4/m/n/10 img[y, x, channel, frame]\T1/ptm/m/n/10 )

Overfull \hbox (34.2263pt too wide) in paragraph at lines 302--307
\T1/ptm/m/n/10 with a novel au-to-matic de-trend-ing al-go-rithm, Bioin-for-mat
-ics, https://doi.org/10.1093/bioinformatics/btx434. 
[5] (/usr/local/texlive/2016/texmf-dist/tex/latex/base/utf8.def)
Overfull \hbox (52.698pt too wide) in paragraph at lines 339--343
[]\T1/ptm/m/n/10 A 4-dimensional ar-ray in the style of an [][]ijtiff_img[][][]
 (in-dexed by \T1/zi4/m/n/10 img[y, x, channel, frame]\T1/ptm/m/n/10 )

Overfull \hbox (120.39856pt too wide) in paragraph at lines 351--353
[]\T1/ptm/m/n/10 An [][]ijtiff_img[][][]-style ar-ray \T1/zi4/m/n/10 arr \T1/pt
m/m/n/10 with one frame. \T1/zi4/m/n/10 arr[y, x, ch, 1] \T1/ptm/m/n/10 is equa
l to \T1/zi4/m/n/10 var(img[y, x, ch, ]) / mean(img[y, x, ch, ])\T1/ptm/m/n/10 
. 
(/usr/local/texlive/2016/texmf-dist/tex/latex/base/utf8.def) [6]
Overfull \hbox (28.97935pt too wide) in paragraph at lines 407--410
[]\T1/ptm/m/n/10 The thresh-old or thresh-old-ing method (see [][]\T1/zi4/m/n/1
0 autothresholdr::mean_stack_thresh()[][][]\T1/ptm/m/n/10 )
[7] (/usr/local/texlive/2016/texmf-dist/tex/latex/base/utf8.def)
Overfull \hbox (20.61949pt too wide) in paragraph at lines 483--484
[]\T1/ptm/m/n/10 The de-trend-ing method used. This must be one of \T1/zi4/m/n/
10 "boxcar"\T1/ptm/m/n/10 , \T1/zi4/m/n/10 "exponential" \T1/ptm/m/n/10 or \T1/
zi4/m/n/10 "polynomial"\T1/ptm/m/n/10 . 
[8]
Overfull \hbox (25.57034pt too wide) in paragraph at lines 509--511
[]\T1/ptm/m/n/10 The method used. One of \T1/zi4/m/n/10 "robinhood"\T1/ptm/m/n/
10 ,\T1/zi4/m/n/10 "boxcar"\T1/ptm/m/n/10 , \T1/zi4/m/n/10 "exponential" \T1/pt
m/m/n/10 or \T1/zi4/m/n/10 "polynomial"\T1/ptm/m/n/10 . 
(/usr/local/texlive/2016/texmf-dist/tex/latex/base/utf8.def)
Overfull \hbox (52.698pt too wide) in paragraph at lines 562--566
[]\T1/ptm/m/n/10 A 4-dimensional ar-ray in the style of an [][]ijtiff_img[][][]
 (in-dexed by \T1/zi4/m/n/10 img[y, x, channel, frame]\T1/ptm/m/n/10 )
[9] [10]
Overfull \hbox (34.2263pt too wide) in paragraph at lines 641--646
\T1/ptm/m/n/10 with a novel au-to-matic de-trend-ing al-go-rithm, Bioin-for-mat
-ics, https://doi.org/10.1093/bioinformatics/btx434. 
(/usr/local/texlive/2016/texmf-dist/tex/latex/base/utf8.def)
Overfull \hbox (34.2263pt too wide) in paragraph at lines 681--686
\T1/ptm/m/n/10 with a novel au-to-matic de-trend-ing al-go-rithm, Bioin-for-mat
-ics, https://doi.org/10.1093/bioinformatics/btx434. 
(/usr/local/texlive/2016/texmf-dist/tex/latex/base/utf8.def) [11pdfTeX warning 
(ext4): destination with the same identifier (name{Rfn.detrendr.Rdash.package})
 has been already used, duplicate ignored

\AtBegShi@Output ...ipout \box \AtBeginShipoutBox 
                                                  \fi \fi 
l.688 ... a 3-dimensional array.}{mean.Rul.frames}
                                                  ]
(/usr/local/texlive/2016/texmf-dist/tex/latex/base/utf8.def)
Overfull \hbox (52.698pt too wide) in paragraph at lines 750--754
[]\T1/ptm/m/n/10 A 4-dimensional ar-ray in the style of an [][]ijtiff_img[][][]
 (in-dexed by \T1/zi4/m/n/10 img[y, x, channel, frame]\T1/ptm/m/n/10 )
[12]
Overfull \hbox (10.39856pt too wide) in paragraph at lines 762--764
[]\T1/ptm/m/n/10 An [][]ijtiff_img[][][]-style ar-ray \T1/zi4/m/n/10 arr \T1/pt
m/m/n/10 with one frame. \T1/zi4/m/n/10 arr[y, x, ch, 1] \T1/ptm/m/n/10 is equa
l to \T1/zi4/m/n/10 mean(img[y, x, ch, ])\T1/ptm/m/n/10 ,
(/usr/local/texlive/2016/texmf-dist/tex/latex/base/utf8.def)
(/usr/local/texlive/2016/texmf-dist/tex/latex/base/utf8.def) [13]
No file Rd2.ind.
[14] (./Rd2.aux)

Package rerunfilecheck Warning: File `Rd2.out' has changed.
(rerunfilecheck)                Rerun to get outlines right
(rerunfilecheck)                or use package `bookmark'.

 )
(see the transcript file for additional information)pdfTeX warning (dest): name
{Rfn.autothresholdr::mean.Rul.stack.Rul.thresh\(\)} has been referenced but doe
s not exist, replaced by a fixed one

pdfTeX warning (dest): name{Rfn.ijtiff.Rul.img} has been referenced but does no
t exist, replaced by a fixed one

{/usr/local/texlive/2016/texmf-dist/fonts/enc/dvips/inconsolata/i4-ts1.enc}{/us
r/local/texlive/2016/texmf-dist/fonts/enc/dvips/base/8r.enc}{/usr/local/texlive
/2016/texmf-dist/fonts/enc/dvips/inconsolata/i4-t1-0.enc}</usr/local/texlive/20
16/texmf-dist/fonts/type1/public/inconsolata/Inconsolata-zi4r.pfb></usr/local/t
exlive/2016/texmf-dist/fonts/type1/public/amsfonts/cm/cmmi10.pfb></usr/local/te
xlive/2016/texmf-dist/fonts/type1/public/amsfonts/cm/cmr10.pfb></usr/local/texl
ive/2016/texmf-dist/fonts/type1/public/amsfonts/cm/cmsy10.pfb></usr/local/texli
ve/2016/texmf-dist/fonts/type1/urw/helvetic/uhvr8a.pfb></usr/local/texlive/2016
/texmf-dist/fonts/type1/urw/times/utmb8a.pfb></usr/local/texlive/2016/texmf-dis
t/fonts/type1/urw/times/utmr8a.pfb></usr/local/texlive/2016/texmf-dist/fonts/ty
pe1/urw/times/utmr8a.pfb></usr/local/texlive/2016/texmf-dist/fonts/type1/urw/ti
mes/utmri8a.pfb>
Output written on Rd2.pdf (14 pages, 139303 bytes).
Transcript written on Rd2.log.
This is makeindex, version 2.15 [TeX Live 2016] (kpathsea + Thai support).
Scanning input file Rd2.idx....done (60 entries accepted, 0 rejected).
Sorting entries....done (376 comparisons).
Generating output file Rd2.ind....done (84 lines written, 2 warnings).
Output written in Rd2.ind.
Transcript written in Rd2.ilg.
This is pdfTeX, Version 3.14159265-2.6-1.40.17 (TeX Live 2016) (preloaded format=pdflatex)
 restricted \write18 enabled.
entering extended mode
LaTeX2e <2016/03/31>
Babel <3.9r> and hyphenation patterns for 83 language(s) loaded.
(./Rd2.tex
(/usr/local/texlive/2016/texmf-dist/tex/latex/base/book.cls
Document Class: book 2014/09/29 v1.4h Standard LaTeX document class
(/usr/local/texlive/2016/texmf-dist/tex/latex/base/bk10.clo))
(/Library/Frameworks/R.framework/Resources/share/texmf/tex/latex/Rd.sty
(/usr/local/texlive/2016/texmf-dist/tex/latex/base/ifthen.sty)
(/usr/local/texlive/2016/texmf-dist/tex/latex/tools/longtable.sty)
(/usr/local/texlive/2016/texmf-dist/tex/latex/tools/bm.sty)
(/usr/local/texlive/2016/texmf-dist/tex/latex/base/alltt.sty)
(/usr/local/texlive/2016/texmf-dist/tex/latex/tools/verbatim.sty)
(/usr/local/texlive/2016/texmf-dist/tex/latex/url/url.sty)
(/usr/local/texlive/2016/texmf-dist/tex/latex/base/textcomp.sty
(/usr/local/texlive/2016/texmf-dist/tex/latex/base/ts1enc.def))
(/usr/local/texlive/2016/texmf-dist/tex/latex/base/fontenc.sty
(/usr/local/texlive/2016/texmf-dist/tex/latex/base/t1enc.def))
(/usr/local/texlive/2016/texmf-dist/tex/latex/psnfss/times.sty)
(/usr/local/texlive/2016/texmf-dist/tex/latex/inconsolata/zi4.sty
`inconsolata-zi4' v1.10, 2016/02/22 Text macros for Inconsolata (msharpe)
(/usr/local/texlive/2016/texmf-dist/tex/latex/graphics/keyval.sty))
(/usr/local/texlive/2016/texmf-dist/tex/latex/graphics/color.sty
(/usr/local/texlive/2016/texmf-dist/tex/latex/graphics-cfg/color.cfg)
(/usr/local/texlive/2016/texmf-dist/tex/latex/pdftex-def/pdftex.def
(/usr/local/texlive/2016/texmf-dist/tex/generic/oberdiek/infwarerr.sty)
(/usr/local/texlive/2016/texmf-dist/tex/generic/oberdiek/ltxcmds.sty)))
(/usr/local/texlive/2016/texmf-dist/tex/latex/hyperref/hyperref.sty
(/usr/local/texlive/2016/texmf-dist/tex/generic/oberdiek/hobsub-hyperref.sty
(/usr/local/texlive/2016/texmf-dist/tex/generic/oberdiek/hobsub-generic.sty))
(/usr/local/texlive/2016/texmf-dist/tex/generic/ifxetex/ifxetex.sty)
(/usr/local/texlive/2016/texmf-dist/tex/latex/oberdiek/auxhook.sty)
(/usr/local/texlive/2016/texmf-dist/tex/latex/oberdiek/kvoptions.sty)
(/usr/local/texlive/2016/texmf-dist/tex/latex/hyperref/pd1enc.def)
(/usr/local/texlive/2016/texmf-dist/tex/latex/latexconfig/hyperref.cfg))

Package hyperref Message: Driver (autodetected): hpdftex.

(/usr/local/texlive/2016/texmf-dist/tex/latex/hyperref/hpdftex.def
(/usr/local/texlive/2016/texmf-dist/tex/latex/oberdiek/rerunfilecheck.sty))

Package hyperref Warning: Option `hyperindex' has already been used,
(hyperref)                setting the option has no effect on input line 366.


Package hyperref Warning: Option `pagebackref' has already been used,
(hyperref)                setting the option has no effect on input line 366.

) (/usr/local/texlive/2016/texmf-dist/tex/latex/base/makeidx.sty)
(/usr/local/texlive/2016/texmf-dist/tex/latex/base/inputenc.sty
(/usr/local/texlive/2016/texmf-dist/tex/latex/base/utf8.def
(/usr/local/texlive/2016/texmf-dist/tex/latex/base/t1enc.dfu)
(/usr/local/texlive/2016/texmf-dist/tex/latex/base/ot1enc.dfu)
(/usr/local/texlive/2016/texmf-dist/tex/latex/base/omsenc.dfu)
(/usr/local/texlive/2016/texmf-dist/tex/latex/base/ts1enc.dfu)))
Writing index file Rd2.idx
(./Rd2.aux) (/usr/local/texlive/2016/texmf-dist/tex/latex/base/ts1cmr.fd)
(/usr/local/texlive/2016/texmf-dist/tex/latex/psnfss/t1ptm.fd)
(/usr/local/texlive/2016/texmf-dist/tex/context/base/mkii/supp-pdf.mkii
[Loading MPS to PDF converter (version 2006.09.02).]
) (/usr/local/texlive/2016/texmf-dist/tex/latex/hyperref/nameref.sty
(/usr/local/texlive/2016/texmf-dist/tex/generic/oberdiek/gettitlestring.sty))
(./Rd2.out) (./Rd2.out)
(/usr/local/texlive/2016/texmf-dist/tex/latex/base/utf8.def)
(/usr/local/texlive/2016/texmf-dist/tex/latex/inconsolata/t1zi4.fd)
(/usr/local/texlive/2016/texmf-dist/tex/latex/psnfss/ts1ptm.fd)
(/usr/local/texlive/2016/texmf-dist/tex/latex/psnfss/t1phv.fd) (./Rd2.toc
[1{/usr/local/texlive/2016/texmf-var/fonts/map/pdftex/updmap/pdftex.map}])
(/usr/local/texlive/2016/texmf-dist/tex/latex/base/utf8.def)
(/usr/local/texlive/2016/texmf-dist/tex/latex/base/utf8.def)
Overfull \hbox (52.698pt too wide) in paragraph at lines 92--96
[]\T1/ptm/m/n/10 A 4-dimensional ar-ray in the style of an [][]ijtiff_img[][][]
 (in-dexed by \T1/zi4/m/n/10 img[y, x, channel, frame]\T1/ptm/m/n/10 )
[2]
Overfull \hbox (34.2263pt too wide) in paragraph at lines 122--127
\T1/ptm/m/n/10 with a novel au-to-matic de-trend-ing al-go-rithm, Bioin-for-mat
-ics, https://doi.org/10.1093/bioinformatics/btx434. 
(/usr/local/texlive/2016/texmf-dist/tex/latex/inconsolata/ts1zi4.fd)
(/usr/local/texlive/2016/texmf-dist/tex/latex/base/utf8.def)
Overfull \hbox (52.698pt too wide) in paragraph at lines 157--161
[]\T1/ptm/m/n/10 A 4-dimensional ar-ray in the style of an [][]ijtiff_img[][][]
 (in-dexed by \T1/zi4/m/n/10 img[y, x, channel, frame]\T1/ptm/m/n/10 )
[3]
Overfull \hbox (34.2263pt too wide) in paragraph at lines 186--191
\T1/ptm/m/n/10 with a novel au-to-matic de-trend-ing al-go-rithm, Bioin-for-mat
-ics, https://doi.org/10.1093/bioinformatics/btx434. 
(/usr/local/texlive/2016/texmf-dist/tex/latex/base/utf8.def)
Overfull \hbox (52.698pt too wide) in paragraph at lines 222--226
[]\T1/ptm/m/n/10 A 4-dimensional ar-ray in the style of an [][]ijtiff_img[][][]
 (in-dexed by \T1/zi4/m/n/10 img[y, x, channel, frame]\T1/ptm/m/n/10 )
[4] (/usr/local/texlive/2016/texmf-dist/tex/latex/base/utf8.def)
Overfull \hbox (52.698pt too wide) in paragraph at lines 263--267
[]\T1/ptm/m/n/10 A 4-dimensional ar-ray in the style of an [][]ijtiff_img[][][]
 (in-dexed by \T1/zi4/m/n/10 img[y, x, channel, frame]\T1/ptm/m/n/10 )
[5]
Overfull \hbox (34.2263pt too wide) in paragraph at lines 302--307
\T1/ptm/m/n/10 with a novel au-to-matic de-trend-ing al-go-rithm, Bioin-for-mat
-ics, https://doi.org/10.1093/bioinformatics/btx434. 
(/usr/local/texlive/2016/texmf-dist/tex/latex/base/utf8.def)
Overfull \hbox (52.698pt too wide) in paragraph at lines 339--343
[]\T1/ptm/m/n/10 A 4-dimensional ar-ray in the style of an [][]ijtiff_img[][][]
 (in-dexed by \T1/zi4/m/n/10 img[y, x, channel, frame]\T1/ptm/m/n/10 )

Overfull \hbox (120.39856pt too wide) in paragraph at lines 351--353
[]\T1/ptm/m/n/10 An [][]ijtiff_img[][][]-style ar-ray \T1/zi4/m/n/10 arr \T1/pt
m/m/n/10 with one frame. \T1/zi4/m/n/10 arr[y, x, ch, 1] \T1/ptm/m/n/10 is equa
l to \T1/zi4/m/n/10 var(img[y, x, ch, ]) / mean(img[y, x, ch, ])\T1/ptm/m/n/10 
. 
[6] (/usr/local/texlive/2016/texmf-dist/tex/latex/base/utf8.def)
Overfull \hbox (28.97935pt too wide) in paragraph at lines 407--410
[]\T1/ptm/m/n/10 The thresh-old or thresh-old-ing method (see [][]\T1/zi4/m/n/1
0 autothresholdr::mean_stack_thresh()[][][]\T1/ptm/m/n/10 )
[7] (/usr/local/texlive/2016/texmf-dist/tex/latex/base/utf8.def)
Overfull \hbox (20.61949pt too wide) in paragraph at lines 483--484
[]\T1/ptm/m/n/10 The de-trend-ing method used. This must be one of \T1/zi4/m/n/
10 "boxcar"\T1/ptm/m/n/10 , \T1/zi4/m/n/10 "exponential" \T1/ptm/m/n/10 or \T1/
zi4/m/n/10 "polynomial"\T1/ptm/m/n/10 . 
[8]
Overfull \hbox (25.57034pt too wide) in paragraph at lines 509--511
[]\T1/ptm/m/n/10 The method used. One of \T1/zi4/m/n/10 "robinhood"\T1/ptm/m/n/
10 ,\T1/zi4/m/n/10 "boxcar"\T1/ptm/m/n/10 , \T1/zi4/m/n/10 "exponential" \T1/pt
m/m/n/10 or \T1/zi4/m/n/10 "polynomial"\T1/ptm/m/n/10 . 
(/usr/local/texlive/2016/texmf-dist/tex/latex/base/utf8.def) [9]
Overfull \hbox (52.698pt too wide) in paragraph at lines 562--566
[]\T1/ptm/m/n/10 A 4-dimensional ar-ray in the style of an [][]ijtiff_img[][][]
 (in-dexed by \T1/zi4/m/n/10 img[y, x, channel, frame]\T1/ptm/m/n/10 )
[10]
Overfull \hbox (34.2263pt too wide) in paragraph at lines 641--646
\T1/ptm/m/n/10 with a novel au-to-matic de-trend-ing al-go-rithm, Bioin-for-mat
-ics, https://doi.org/10.1093/bioinformatics/btx434. 
(/usr/local/texlive/2016/texmf-dist/tex/latex/base/utf8.def) [11]
Overfull \hbox (34.2263pt too wide) in paragraph at lines 681--686
\T1/ptm/m/n/10 with a novel au-to-matic de-trend-ing al-go-rithm, Bioin-for-mat
-ics, https://doi.org/10.1093/bioinformatics/btx434. 
(/usr/local/texlive/2016/texmf-dist/tex/latex/base/utf8.def)
(/usr/local/texlive/2016/texmf-dist/tex/latex/base/utf8.def) [12pdfTeX warning 
(ext4): destination with the same identifier (name{Rfn.detrendr.Rdash.package})
 has been already used, duplicate ignored

\AtBegShi@Output ...ipout \box \AtBeginShipoutBox 
                                                  \fi \fi 
l.738 sum_pillars(img, parallel = FALSE)
                                        ]
Overfull \hbox (52.698pt too wide) in paragraph at lines 750--754
[]\T1/ptm/m/n/10 A 4-dimensional ar-ray in the style of an [][]ijtiff_img[][][]
 (in-dexed by \T1/zi4/m/n/10 img[y, x, channel, frame]\T1/ptm/m/n/10 )

Overfull \hbox (10.39856pt too wide) in paragraph at lines 762--764
[]\T1/ptm/m/n/10 An [][]ijtiff_img[][][]-style ar-ray \T1/zi4/m/n/10 arr \T1/pt
m/m/n/10 with one frame. \T1/zi4/m/n/10 arr[y, x, ch, 1] \T1/ptm/m/n/10 is equa
l to \T1/zi4/m/n/10 mean(img[y, x, ch, ])\T1/ptm/m/n/10 ,
(/usr/local/texlive/2016/texmf-dist/tex/latex/base/utf8.def) [13]
(/usr/local/texlive/2016/texmf-dist/tex/latex/base/utf8.def) [14] (./Rd2.ind
[15]

LaTeX Font Warning: Font shape `T1/zi4/m/it' undefined
(Font)              using `T1/zi4/m/n' instead on input line 23.

[16]) (./Rd2.aux)

Package rerunfilecheck Warning: File `Rd2.out' has changed.
(rerunfilecheck)                Rerun to get outlines right
(rerunfilecheck)                or use package `bookmark'.


LaTeX Font Warning: Some font shapes were not available, defaults substituted.

 )
(see the transcript file for additional information)pdfTeX warning (dest): name
{Rfn.autothresholdr::mean.Rul.stack.Rul.thresh\(\)} has been referenced but doe
s not exist, replaced by a fixed one

pdfTeX warning (dest): name{Rfn.ijtiff.Rul.img} has been referenced but does no
t exist, replaced by a fixed one

{/usr/local/texlive/2016/texmf-dist/fonts/enc/dvips/inconsolata/i4-ts1.enc}{/us
r/local/texlive/2016/texmf-dist/fonts/enc/dvips/base/8r.enc}{/usr/local/texlive
/2016/texmf-dist/fonts/enc/dvips/inconsolata/i4-t1-0.enc}</usr/local/texlive/20
16/texmf-dist/fonts/type1/public/inconsolata/Inconsolata-zi4r.pfb></usr/local/t
exlive/2016/texmf-dist/fonts/type1/public/amsfonts/cm/cmmi10.pfb></usr/local/te
xlive/2016/texmf-dist/fonts/type1/public/amsfonts/cm/cmr10.pfb></usr/local/texl
ive/2016/texmf-dist/fonts/type1/public/amsfonts/cm/cmsy10.pfb></usr/local/texli
ve/2016/texmf-dist/fonts/type1/urw/helvetic/uhvr8a.pfb></usr/local/texlive/2016
/texmf-dist/fonts/type1/urw/times/utmb8a.pfb></usr/local/texlive/2016/texmf-dis
t/fonts/type1/urw/times/utmr8a.pfb></usr/local/texlive/2016/texmf-dist/fonts/ty
pe1/urw/times/utmr8a.pfb></usr/local/texlive/2016/texmf-dist/fonts/type1/urw/ti
mes/utmri8a.pfb>
Output written on Rd2.pdf (16 pages, 145776 bytes).
Transcript written on Rd2.log.
This is makeindex, version 2.15 [TeX Live 2016] (kpathsea + Thai support).
Scanning input file Rd2.idx....done (60 entries accepted, 0 rejected).
Sorting entries....done (378 comparisons).
Generating output file Rd2.ind....done (85 lines written, 1 warning).
Output written in Rd2.ind.
Transcript written in Rd2.ilg.
This is pdfTeX, Version 3.14159265-2.6-1.40.17 (TeX Live 2016) (preloaded format=pdflatex)
 restricted \write18 enabled.
entering extended mode
LaTeX2e <2016/03/31>
Babel <3.9r> and hyphenation patterns for 83 language(s) loaded.
(./Rd2.tex
(/usr/local/texlive/2016/texmf-dist/tex/latex/base/book.cls
Document Class: book 2014/09/29 v1.4h Standard LaTeX document class
(/usr/local/texlive/2016/texmf-dist/tex/latex/base/bk10.clo))
(/Library/Frameworks/R.framework/Resources/share/texmf/tex/latex/Rd.sty
(/usr/local/texlive/2016/texmf-dist/tex/latex/base/ifthen.sty)
(/usr/local/texlive/2016/texmf-dist/tex/latex/tools/longtable.sty)
(/usr/local/texlive/2016/texmf-dist/tex/latex/tools/bm.sty)
(/usr/local/texlive/2016/texmf-dist/tex/latex/base/alltt.sty)
(/usr/local/texlive/2016/texmf-dist/tex/latex/tools/verbatim.sty)
(/usr/local/texlive/2016/texmf-dist/tex/latex/url/url.sty)
(/usr/local/texlive/2016/texmf-dist/tex/latex/base/textcomp.sty
(/usr/local/texlive/2016/texmf-dist/tex/latex/base/ts1enc.def))
(/usr/local/texlive/2016/texmf-dist/tex/latex/base/fontenc.sty
(/usr/local/texlive/2016/texmf-dist/tex/latex/base/t1enc.def))
(/usr/local/texlive/2016/texmf-dist/tex/latex/psnfss/times.sty)
(/usr/local/texlive/2016/texmf-dist/tex/latex/inconsolata/zi4.sty
`inconsolata-zi4' v1.10, 2016/02/22 Text macros for Inconsolata (msharpe)
(/usr/local/texlive/2016/texmf-dist/tex/latex/graphics/keyval.sty))
(/usr/local/texlive/2016/texmf-dist/tex/latex/graphics/color.sty
(/usr/local/texlive/2016/texmf-dist/tex/latex/graphics-cfg/color.cfg)
(/usr/local/texlive/2016/texmf-dist/tex/latex/pdftex-def/pdftex.def
(/usr/local/texlive/2016/texmf-dist/tex/generic/oberdiek/infwarerr.sty)
(/usr/local/texlive/2016/texmf-dist/tex/generic/oberdiek/ltxcmds.sty)))
(/usr/local/texlive/2016/texmf-dist/tex/latex/hyperref/hyperref.sty
(/usr/local/texlive/2016/texmf-dist/tex/generic/oberdiek/hobsub-hyperref.sty
(/usr/local/texlive/2016/texmf-dist/tex/generic/oberdiek/hobsub-generic.sty))
(/usr/local/texlive/2016/texmf-dist/tex/generic/ifxetex/ifxetex.sty)
(/usr/local/texlive/2016/texmf-dist/tex/latex/oberdiek/auxhook.sty)
(/usr/local/texlive/2016/texmf-dist/tex/latex/oberdiek/kvoptions.sty)
(/usr/local/texlive/2016/texmf-dist/tex/latex/hyperref/pd1enc.def)
(/usr/local/texlive/2016/texmf-dist/tex/latex/latexconfig/hyperref.cfg))

Package hyperref Message: Driver (autodetected): hpdftex.

(/usr/local/texlive/2016/texmf-dist/tex/latex/hyperref/hpdftex.def
(/usr/local/texlive/2016/texmf-dist/tex/latex/oberdiek/rerunfilecheck.sty))

Package hyperref Warning: Option `hyperindex' has already been used,
(hyperref)                setting the option has no effect on input line 366.


Package hyperref Warning: Option `pagebackref' has already been used,
(hyperref)                setting the option has no effect on input line 366.

) (/usr/local/texlive/2016/texmf-dist/tex/latex/base/makeidx.sty)
(/usr/local/texlive/2016/texmf-dist/tex/latex/base/inputenc.sty
(/usr/local/texlive/2016/texmf-dist/tex/latex/base/utf8.def
(/usr/local/texlive/2016/texmf-dist/tex/latex/base/t1enc.dfu)
(/usr/local/texlive/2016/texmf-dist/tex/latex/base/ot1enc.dfu)
(/usr/local/texlive/2016/texmf-dist/tex/latex/base/omsenc.dfu)
(/usr/local/texlive/2016/texmf-dist/tex/latex/base/ts1enc.dfu)))
Writing index file Rd2.idx
(./Rd2.aux) (/usr/local/texlive/2016/texmf-dist/tex/latex/base/ts1cmr.fd)
(/usr/local/texlive/2016/texmf-dist/tex/latex/psnfss/t1ptm.fd)
(/usr/local/texlive/2016/texmf-dist/tex/context/base/mkii/supp-pdf.mkii
[Loading MPS to PDF converter (version 2006.09.02).]
) (/usr/local/texlive/2016/texmf-dist/tex/latex/hyperref/nameref.sty
(/usr/local/texlive/2016/texmf-dist/tex/generic/oberdiek/gettitlestring.sty))
(./Rd2.out) (./Rd2.out)
(/usr/local/texlive/2016/texmf-dist/tex/latex/base/utf8.def)
(/usr/local/texlive/2016/texmf-dist/tex/latex/inconsolata/t1zi4.fd)
(/usr/local/texlive/2016/texmf-dist/tex/latex/psnfss/ts1ptm.fd)
(/usr/local/texlive/2016/texmf-dist/tex/latex/psnfss/t1phv.fd) (./Rd2.toc
[1{/usr/local/texlive/2016/texmf-var/fonts/map/pdftex/updmap/pdftex.map}])
(/usr/local/texlive/2016/texmf-dist/tex/latex/base/utf8.def)
(/usr/local/texlive/2016/texmf-dist/tex/latex/base/utf8.def)
Overfull \hbox (52.698pt too wide) in paragraph at lines 92--96
[]\T1/ptm/m/n/10 A 4-dimensional ar-ray in the style of an [][]ijtiff_img[][][]
 (in-dexed by \T1/zi4/m/n/10 img[y, x, channel, frame]\T1/ptm/m/n/10 )
[2]
Overfull \hbox (34.2263pt too wide) in paragraph at lines 122--127
\T1/ptm/m/n/10 with a novel au-to-matic de-trend-ing al-go-rithm, Bioin-for-mat
-ics, https://doi.org/10.1093/bioinformatics/btx434. 
(/usr/local/texlive/2016/texmf-dist/tex/latex/inconsolata/ts1zi4.fd)
(/usr/local/texlive/2016/texmf-dist/tex/latex/base/utf8.def)
Overfull \hbox (52.698pt too wide) in paragraph at lines 157--161
[]\T1/ptm/m/n/10 A 4-dimensional ar-ray in the style of an [][]ijtiff_img[][][]
 (in-dexed by \T1/zi4/m/n/10 img[y, x, channel, frame]\T1/ptm/m/n/10 )
[3]
Overfull \hbox (34.2263pt too wide) in paragraph at lines 186--191
\T1/ptm/m/n/10 with a novel au-to-matic de-trend-ing al-go-rithm, Bioin-for-mat
-ics, https://doi.org/10.1093/bioinformatics/btx434. 
(/usr/local/texlive/2016/texmf-dist/tex/latex/base/utf8.def)
Overfull \hbox (52.698pt too wide) in paragraph at lines 222--226
[]\T1/ptm/m/n/10 A 4-dimensional ar-ray in the style of an [][]ijtiff_img[][][]
 (in-dexed by \T1/zi4/m/n/10 img[y, x, channel, frame]\T1/ptm/m/n/10 )
[4] (/usr/local/texlive/2016/texmf-dist/tex/latex/base/utf8.def)
Overfull \hbox (52.698pt too wide) in paragraph at lines 263--267
[]\T1/ptm/m/n/10 A 4-dimensional ar-ray in the style of an [][]ijtiff_img[][][]
 (in-dexed by \T1/zi4/m/n/10 img[y, x, channel, frame]\T1/ptm/m/n/10 )
[5]
Overfull \hbox (34.2263pt too wide) in paragraph at lines 302--307
\T1/ptm/m/n/10 with a novel au-to-matic de-trend-ing al-go-rithm, Bioin-for-mat
-ics, https://doi.org/10.1093/bioinformatics/btx434. 
(/usr/local/texlive/2016/texmf-dist/tex/latex/base/utf8.def)
Overfull \hbox (52.698pt too wide) in paragraph at lines 339--343
[]\T1/ptm/m/n/10 A 4-dimensional ar-ray in the style of an [][]ijtiff_img[][][]
 (in-dexed by \T1/zi4/m/n/10 img[y, x, channel, frame]\T1/ptm/m/n/10 )

Overfull \hbox (120.39856pt too wide) in paragraph at lines 351--353
[]\T1/ptm/m/n/10 An [][]ijtiff_img[][][]-style ar-ray \T1/zi4/m/n/10 arr \T1/pt
m/m/n/10 with one frame. \T1/zi4/m/n/10 arr[y, x, ch, 1] \T1/ptm/m/n/10 is equa
l to \T1/zi4/m/n/10 var(img[y, x, ch, ]) / mean(img[y, x, ch, ])\T1/ptm/m/n/10 
. 
[6] (/usr/local/texlive/2016/texmf-dist/tex/latex/base/utf8.def)
Overfull \hbox (28.97935pt too wide) in paragraph at lines 407--410
[]\T1/ptm/m/n/10 The thresh-old or thresh-old-ing method (see [][]\T1/zi4/m/n/1
0 autothresholdr::mean_stack_thresh()[][][]\T1/ptm/m/n/10 )
[7] (/usr/local/texlive/2016/texmf-dist/tex/latex/base/utf8.def)
Overfull \hbox (20.61949pt too wide) in paragraph at lines 483--484
[]\T1/ptm/m/n/10 The de-trend-ing method used. This must be one of \T1/zi4/m/n/
10 "boxcar"\T1/ptm/m/n/10 , \T1/zi4/m/n/10 "exponential" \T1/ptm/m/n/10 or \T1/
zi4/m/n/10 "polynomial"\T1/ptm/m/n/10 . 
[8]
Overfull \hbox (25.57034pt too wide) in paragraph at lines 509--511
[]\T1/ptm/m/n/10 The method used. One of \T1/zi4/m/n/10 "robinhood"\T1/ptm/m/n/
10 ,\T1/zi4/m/n/10 "boxcar"\T1/ptm/m/n/10 , \T1/zi4/m/n/10 "exponential" \T1/pt
m/m/n/10 or \T1/zi4/m/n/10 "polynomial"\T1/ptm/m/n/10 . 
(/usr/local/texlive/2016/texmf-dist/tex/latex/base/utf8.def) [9]
Overfull \hbox (52.698pt too wide) in paragraph at lines 562--566
[]\T1/ptm/m/n/10 A 4-dimensional ar-ray in the style of an [][]ijtiff_img[][][]
 (in-dexed by \T1/zi4/m/n/10 img[y, x, channel, frame]\T1/ptm/m/n/10 )
[10]
Overfull \hbox (34.2263pt too wide) in paragraph at lines 641--646
\T1/ptm/m/n/10 with a novel au-to-matic de-trend-ing al-go-rithm, Bioin-for-mat
-ics, https://doi.org/10.1093/bioinformatics/btx434. 
(/usr/local/texlive/2016/texmf-dist/tex/latex/base/utf8.def) [11]
Overfull \hbox (34.2263pt too wide) in paragraph at lines 681--686
\T1/ptm/m/n/10 with a novel au-to-matic de-trend-ing al-go-rithm, Bioin-for-mat
-ics, https://doi.org/10.1093/bioinformatics/btx434. 
(/usr/local/texlive/2016/texmf-dist/tex/latex/base/utf8.def)
(/usr/local/texlive/2016/texmf-dist/tex/latex/base/utf8.def) [12pdfTeX warning 
(ext4): destination with the same identifier (name{Rfn.detrendr.Rdash.package})
 has been already used, duplicate ignored

\AtBegShi@Output ...ipout \box \AtBeginShipoutBox 
                                                  \fi \fi 
l.738 sum_pillars(img, parallel = FALSE)
                                        ]
Overfull \hbox (52.698pt too wide) in paragraph at lines 750--754
[]\T1/ptm/m/n/10 A 4-dimensional ar-ray in the style of an [][]ijtiff_img[][][]
 (in-dexed by \T1/zi4/m/n/10 img[y, x, channel, frame]\T1/ptm/m/n/10 )

Overfull \hbox (10.39856pt too wide) in paragraph at lines 762--764
[]\T1/ptm/m/n/10 An [][]ijtiff_img[][][]-style ar-ray \T1/zi4/m/n/10 arr \T1/pt
m/m/n/10 with one frame. \T1/zi4/m/n/10 arr[y, x, ch, 1] \T1/ptm/m/n/10 is equa
l to \T1/zi4/m/n/10 mean(img[y, x, ch, ])\T1/ptm/m/n/10 ,
(/usr/local/texlive/2016/texmf-dist/tex/latex/base/utf8.def) [13]
(/usr/local/texlive/2016/texmf-dist/tex/latex/base/utf8.def) [14] (./Rd2.ind
[15]

LaTeX Font Warning: Font shape `T1/zi4/m/it' undefined
(Font)              using `T1/zi4/m/n' instead on input line 24.

[16]) (./Rd2.aux)

LaTeX Font Warning: Some font shapes were not available, defaults substituted.

 )
(see the transcript file for additional information)pdfTeX warning (dest): name
{Rfn.autothresholdr::mean.Rul.stack.Rul.thresh\(\)} has been referenced but doe
s not exist, replaced by a fixed one

pdfTeX warning (dest): name{Rfn.ijtiff.Rul.img} has been referenced but does no
t exist, replaced by a fixed one

{/usr/local/texlive/2016/texmf-dist/fonts/enc/dvips/inconsolata/i4-ts1.enc}{/us
r/local/texlive/2016/texmf-dist/fonts/enc/dvips/base/8r.enc}{/usr/local/texlive
/2016/texmf-dist/fonts/enc/dvips/inconsolata/i4-t1-0.enc}</usr/local/texlive/20
16/texmf-dist/fonts/type1/public/inconsolata/Inconsolata-zi4r.pfb></usr/local/t
exlive/2016/texmf-dist/fonts/type1/public/amsfonts/cm/cmmi10.pfb></usr/local/te
xlive/2016/texmf-dist/fonts/type1/public/amsfonts/cm/cmr10.pfb></usr/local/texl
ive/2016/texmf-dist/fonts/type1/public/amsfonts/cm/cmsy10.pfb></usr/local/texli
ve/2016/texmf-dist/fonts/type1/urw/helvetic/uhvr8a.pfb></usr/local/texlive/2016
/texmf-dist/fonts/type1/urw/times/utmb8a.pfb></usr/local/texlive/2016/texmf-dis
t/fonts/type1/urw/times/utmr8a.pfb></usr/local/texlive/2016/texmf-dist/fonts/ty
pe1/urw/times/utmr8a.pfb></usr/local/texlive/2016/texmf-dist/fonts/type1/urw/ti
mes/utmri8a.pfb>
Output written on Rd2.pdf (16 pages, 145891 bytes).
Transcript written on Rd2.log.
Saving output to ‘detrendr-manual.pdf’ ...
Done
You may want to clean up by 'rm -Rf /var/folders/l_/2mwm03p55zg7zjykv084hhvr0000gn/T//RtmpHsTwzY/Rd2pdfbf905b250b0'
